0 : 35] sdpgz3five4seven6fiveh
1 : 86] 876mbxbrntsfm
2 : 58] fivek5mfzrdxfbn66nine8eight
3 : 54] 554qdg
4 : 68] ninevsgxnine6threesix8
5 : 44] 4fivehmg614five
6 : 63] three6sdnttwothree3
7 : 22] two26four2
8 : 53] 586dntdbtmfourrjnjdzptcfrpr3
9 : 78] dgkclmseven8
10 : 88] onepeight8sqzkrvvn
11 : 54] ninednnsjeight5c9hkzkhrgzcz4
12 : 48] 42pchdjlnsxr688pvlgsr
13 : 52] vmzkvb5six4fiveg2
14 : 57] 517fourone7kthdrcxm
15 : 99] sevenfourjgtwocsqzfbsqvb9flrlzxpx
16 : 39] 3jqdxrqqzhkgg2fourthree9four
17 : 44] qjgfbnqjeight4onejm84sevensix
18 : 15] pgvthree1six15nineoneone
19 : 52] 56ninefivefhnmmh5fdqcvttpsjseven2
20 : 12] sixtrvj12twomq
21 : 25] 2jmxzzm9xhxmndgbhjlblhsnine75
22 : 89] pckdqrp8pgnmkgv9onetwoxlk
23 : 72] 73mrflhnfzfxjqrqznj2
24 : 66] tfourninegnjhhdzsix6sevenfive
25 : 35] 35zrgthreetwonesz
26 : 92] 9fivebstlx42
27 : 66] 6threenine
28 : 92] threebscrccrt94four3gvqdkdtjphmnmmf2
29 : 33] 3seventwo3jmzxfmcnvjbnsgbgktwo
30 : 33] vhljqhzpbtxcssix3dbvttwo
31 : 46] 4ninefour6sixpccqltcpvh
32 : 55] 5fourthreejngfour
33 : 34] 33rgkkfiveeight4xq
34 : 88] sixklhpptnnk8qvgbdcn
35 : 39] 3bdtsjdfbmv8eightseven9sixqgfcmfpcone
36 : 51] vhckknzlvcpfvttnmnk5zcvs1eightnine
37 : 58] qheightwophxbnlv5nine8bknvnkdbps
38 : 73] 7eight3gccqdgrltpkpt
39 : 22] qvjqtqffvtp2six
40 : 55] eight5ntzknggp5
41 : 66] eightone6fourkf
42 : 33] vlksmsxsljlnhtwo3mrc3five
43 : 22] one2eight
44 : 67] bqnjmjsznc67tdvtpdt
45 : 87] 8five57sixfive
46 : 44] one4zhhlncnbncvzrsbsslnh
47 : 78] nqdftnsevenonellvpsdhrnrtrdjhbqscpd78
48 : 13] 1fivefourffm3eightlcssevenclsjtb
49 : 71] 7mqqgglzqmpk415gcggplprone1
50 : 22] 2jprlqkpb1sixhfbvzjrgsrpjzbhtgrhpfour2
51 : 94] 9twotwoqlvkrkhjthree44shvjxkpjgzgphgprflvn
52 : 52] eightgsonefivefive2
53 : 71] 7sixmpnbgtmzrdbfive41
54 : 23] tkrcfive2eight23four
55 : 52] vgbqvj5mjplnfdsqpfone2hpxz
56 : 77] kvl7onehdvvfdghbsngrgn
57 : 66] tlsbhjblnpdlrtfour6btjcfmgdvtfive
58 : 61] 6qnfivehnt31qcpmnhx
59 : 55] onesnqrgxstfmzhtln5bnldmvlqzsh
60 : 54] fourgn5fourggbddjsj34zncxtmxxvsvs
61 : 46] 4lnr6xjkpzdgvsevengplkjdjtns
62 : 99] hzfplpdt9
63 : 28] sf2twolj8
64 : 61] 6zghkzbfdjctpfp1
65 : 65] eight65
66 : 66] tvzmxzstsixmkvjkjl6eightninefour
67 : 52] fivephplggzkmfivetjfourmvcpnjxfvg58eightwoc
68 : 14] 1fivehpleightfivethree4
69 : 28] zeightwo8
70 : 15] 1jfcztzr5sixoneshmlpgtwofour
71 : 36] 3zksglknjmvqfqhfiveeight76onemldlltn
72 : 92] 9four4vtg32srrbqfczmnxdchtbvc
73 : 92] csdb92sevenvsnxdbd
74 : 46] 4sevenseven6
75 : 83] 8two8rm3fkbsvphhdrznine
76 : 19] trp149zxzrkk
77 : 99] 948two9ninenine
78 : 33] cbmfivetwoninekqbkhkddc3rlfxlfh
79 : 44] btvcshj4seven
80 : 94] 964sjxonesixgcjxmtnine
81 : 83] nb83fivegxnvxxrstqnine
82 : 56] fgoneightljvnfour5gfsix4sevensixt
83 : 67] 6one97
84 : 33] three3two3sixtwoeight
85 : 55] kxonesix59xtmbqd5
86 : 55] dfqfcbv5mjeight
87 : 26] nine2nqhrsvkvzzkkvnn6oneightlbq
88 : 88] eight8rztdlm
89 : 14] ttcfdskrxlqlggmgfourthree11two4eightwopgz
90 : 88] 8seventwooneightfcj
91 : 88] bmt8nine
92 : 76] rjzkjlgone7four2cffkgq6eightccsmvxhkk
93 : 65] 6qkdznvrcdltdgpn75vvmvf
94 : 32] tcjhrgtlsixjsrbxdnseven3hkd2pnklcmshsf
95 : 74] mzptwone7onethree4tzthree
96 : 11] 1sixgnvzbhscjgcr1gxfzpm
97 : 14] 15twoqzplbsmfcnznrgrnthreetwo4
98 : 85] six815eightbdrone5five
99 : 93] three9pp21h3hzzg
100 : 22] fivetwothreezdhthree2dggsdgfdrx
101 : 58] mrqpblvqvfour5zkvvfjjbr8plzkh
102 : 88] cnxdvg8
103 : 66] pzxeightwogxxmtgs6
104 : 46] zcddqkhkjlfive4onexkdggcbfbqzxhfxqnb6
105 : 37] 3jqncxxjjz7
106 : 44] bcntgllhg4
107 : 99] 9sixpbgnine
108 : 41] eightsevensixfive45861
109 : 33] qhrqsppdxdnseventwo3fiveeightfour
110 : 89] fiveeight9
111 : 13] qvbvjzbfzrtcsxdrsxlr1fourjtqckdjg3
112 : 78] sixfour728onethree
113 : 78] fjponeight728fourndlcrm
114 : 83] 8fpbcvbone8ltzprklvgdcjhhsvq3
115 : 85] 8sixhqmsixxqmclmgvhfive5
116 : 36] sevenvvc376ckfrjjjcn
117 : 55] 5onelxvs
118 : 62] 6eightjtfphvprone1ztrxq2
119 : 69] 6789bnfjqg
120 : 12] zfrpr12two
121 : 86] 8eight6jxmvxhchj
122 : 81] 81fiveeightfourpxmdcfbqhf
123 : 96] hpxnskbgbjm9hqllklsxq6fivecvsxvpl
124 : 55] xjbtp57two5onefmkbzdtwo
125 : 61] five6fourhpk1twosix
126 : 44] sixxkqhckjdffmsjqgt4xjtgq
127 : 91] five9rxrzgk1
128 : 22] z2seven
129 : 66] six6nine16three
130 : 65] four66lzqjdpndp5four
131 : 26] 2zzsdpx6vfckpgvlprx
132 : 44] kmlfslspdkxp4smpqkcrdpfn
133 : 73] seven7xqtszl3oneninetwo3
134 : 78] ninethreegrxg78lpgstkpvckngrbd
135 : 73] 746eighttwo8two3five
136 : 78] one7nine2fourqctmjggsgtlvj8
137 : 96] sqdvmfrssz9rglsczgbdk6djnvb
138 : 82] jrnkffhkdseven86xvfkvlnv1three2
139 : 37] 3jgjdzz887
140 : 61] four6threefivetwohgfrcbtcpv1
141 : 82] 8nine23twozhnbn2
142 : 36] 3four9xmdqjnvscqvqftbbbqbgp8cpczg6
143 : 93] 96twoh4lrczqsvtfrj3
144 : 88] hgjvlbzrdprtrfivedhhsevenfour8five
145 : 22] threethree2sevenvsmlpxbsspxrgkfour2
146 : 47] 4threethree7ptffzx
147 : 13] 1eight3nktcptcs
148 : 55] 545
149 : 26] 2hvgvkrtqtdfk9rvnklqqjdfcvvmvx6
150 : 23] qhzvtqlmghjjtpcjeightgbkqjpsjqjbhseven283
151 : 68] dlqnqbreight64668jjcsoneightxfn
152 : 84] 84lqtmgjxgcr
153 : 18] 118
154 : 29] hceightwobgcbsbtslf2onebhkdqlpvxxjpgsnmzfthree9
155 : 66] fxhxhdlkfrdhfslllsevenjvzdcpkclxx6four
156 : 87] 8ppsvxfxpbv87threefour
157 : 42] lonenine4two2threenx
158 : 19] xtvtjbspvcrlrhbczkqt199
159 : 52] glspl5fivecfzjjqjktmvcnk2
160 : 71] pfgcqxjkkx7sixjcgmgszzbv1gnpvjmckfour
161 : 73] onebtvsctzzbxcvvvmltwotwo73
162 : 92] hpxl9dgn22twordrsfk
163 : 66] dsixbtsbccxgkheight6hfsix
164 : 86] foursevenqztbvqhbghmtlq876two
165 : 74] 7sevenzdhsmmrdrmvzddp7sixeight14
166 : 31] one3fourtwoseven71
167 : 51] hbzs5threeeightjkjmkg91rsthree
168 : 33] 3jfshzmtdrsonejtonelmjfkkjrmhzfxttm
169 : 67] gvcxznvtdtgkhrvbnlqsxbdq677
170 : 65] ffjqbssh65mpvkpqcgvmlzsevenlrbhfourone
171 : 77] 77khln
172 : 24] 21sevenhnine4fivevclbksgpxxhsz
173 : 43] fldn4oneeightknbvh43xjqnnkgxv
174 : 11] 1fourtwo
175 : 46] dbvskdoneoneone44gs6
176 : 16] kqvmpr16twotfvjckstvg6
177 : 12] 1msix522lbnt
178 : 21] 2eightlgsfcttnchptgq1eight
179 : 15] onesjpcjmss15vqlzlkfqtpmmrkkbseventwo
180 : 11] 1pqzgkhhfltwozqls
181 : 23] 28twothreelmgqkpnfourfivex3
182 : 33] eightxvjtsevensevenpcrjtfcllzeight3mbjdjnklgxzzfdz
183 : 89] 8brsfjhmbjl9hn
184 : 47] 4eight68fivesix7
185 : 33] ninethree3
186 : 14] eightone4
187 : 55] nhhrrvvcr5oneninesix
188 : 88] 8fourdzzbsxlsnlqfsjjjlf
189 : 86] one866onemgzhsix
190 : 58] stwo56tj4two8
191 : 99] 9fourndxfjdptt
192 : 77] hgvxgninelbvvttxlqpljt77one
193 : 99] 9sixsixbhtqsfgt
194 : 98] tworvghztldrhz98xgdgkbpfj
195 : 55] vfhtlmxkeightsxpfcvbvmmms5txnktxhj5
196 : 11] 1njpfjngfone
197 : 44] nine4xcjdsmbdl
198 : 41] tdzjr493threeeight1
199 : 99] 9eightgmcc
200 : 82] dsmr83svmgltgkkzpvtfmdgfjff2
201 : 73] qtm7four6fivejmbcnrfpv3pffqsrmcd
202 : 73] 7zdmrnshs843sixfourfourfxxg
203 : 86] d898two66eightbrfrxmvx
204 : 13] 11twophvzjqhslk3ppcbqxpxq
205 : 82] sevenqrfrngkndc8lrmtj3zhczpcrhxfjxrdp2
206 : 79] brbpcldn7sevenone2six9
207 : 77] jgsjnqjgmfcs7fourfive7dbtqsvj
208 : 25] 2bb7hrtgbxsn5
209 : 82] xqvhhlzkninexhgvfvfrpgjq812
210 : 19] 17eighthggxphbzz8zxlcxdrvvkxgb39
211 : 44] 4sixglxd
212 : 11] dkeightwo1xmfjmvxxmglbsgkbphrll
213 : 58] 558gprdd
214 : 33] kzjnpmthree3three
215 : 66] dkpjssgpsgglngk6zfrktlgchtqxbzcgxb
216 : 22] 24four92fivegccfourxcnl
217 : 55] 5xjc
218 : 53] vhmxtlhcrlrk59jgsix3
219 : 59] 59twokqpjp
220 : 65] threefive65
221 : 99] sixdnqlxcdg9six
222 : 77] twoxgdmq7dhcxjnxr
223 : 55] threelxtbtjdbtonecpxtwo5sevenfive
224 : 99] fptqvt9onezqc
225 : 24] threec24onedxcjhninesevenbjxlhtgfmf
226 : 87] sixrmjbj87sevenn
227 : 89] 8thltwosevenscjrsevensix9jhjvbb
228 : 11] nine1bbpflkrjhgbrpeighttwoseventxfjmhjvsj
229 : 14] snnddlskllxqcjtceight1gmm4tfcfccxmjg
230 : 39] ddjr3549
231 : 89] 8twoseven7kpseven2dj9
232 : 51] hsmqtbrjgs5cbxjlsnzqcdldhlv4mf1
233 : 44] hkdxzfjvzrxnjnbfgrg4
234 : 43] cnjsnqmbzrnsbsevenfour3
235 : 21] eight25three4five1
236 : 52] jz5jxvmfrgttkkpxffbthreefive2nsix
237 : 44] 4pdbdkx234
238 : 28] fiveseventhree2nine1eightf
239 : 22] pvgfour284mqtx2brsqgkgjlgvpkhxmd
240 : 94] bhtlhjrgv94twofour
241 : 83] dbbvkdhhqheight83xqfbhtxpqtsgpqmssevenone
242 : 64] one6beightfivebzgmgdq4six
243 : 55] bftwonekfgfsvdfxqlzrglm5cpmkpn
244 : 81] five8fourtfltzzkvxzpzqhb1gvhqkcp
245 : 29] 2vfrzrhnfx6799
246 : 53] 5mndmdcjsr63
247 : 79] 72fgbbctshbrsix3tpggclvpf9bgsc
248 : 22] xdjqkrkfnh2threefvckhksevenfournx2
249 : 61] nineninekfcdjmfqsrgpb61f
250 : 51] 5threeeightninesix1fournine
251 : 77] 7dzkzn
252 : 56] two5twoxzngtwotwosixl
253 : 84] pjmqfour81eight4
254 : 33] rsjbbnqfrlppflstq3zxbhhn
255 : 17] rlsrv1seveneighteighttwo47
256 : 59] 55sffiveseven8two39
257 : 65] 675kjvqfdszmdvztvkczxbr
258 : 22] eightthreemrjtrfgqvsixtwo2kxnbzmnhnine
259 : 97] twoseventwo9rcvqmkxdvsevenone7
260 : 23] 2threesvvtztllvl52rzcscj3
261 : 44] 424eighttpjzxtx
262 : 88] 8jgfivextbkqvdhl
263 : 11] tqrvp1gtpczqlpvr
264 : 99] fsmvrkdrnine9pk
265 : 82] jvfdlvnvsixthree8three22
266 : 59] one5jzmdfh9phqkvb
267 : 77] 7twoneklt
268 : 51] 5nineeightxjgtnkfxknine1twofk
269 : 35] 31lkhbnzckbcmxvdpmqqjtbn755
270 : 22] 2txsixfivezrxvkktnxlnsfive
271 : 44] bkjczmrcpqjxjfx4xkxfclthzthree
272 : 77] eightsevenjscz7flvltvkmqkthreevqgsg
273 : 14] tzlhm1lbmmnineqdpvxlv14threefour
274 : 19] 1eightsmkmsqbs69x7chhmdd9
275 : 11] three18onexvh31sevenone
276 : 24] 24sixshjtwo4
277 : 49] tjphmjzvfclddbfc4foursevenone9zrckvdqn
278 : 24] rbffkrsntqj2tf24gfrlzzsr4
279 : 76] 7ninerktmfsfoursixd
280 : 27] four296six87five
281 : 58] zkrxfsvm5ninenkhc8
282 : 96] 96mgvzrmxzpjfourlnsninenine
283 : 56] threepphgrmqlxone56
284 : 32] plt372
285 : 66] lgleightwojjvbkmhkvklscxrzpn6twovvsdzrsixxdcskxhn
286 : 77] p7six
287 : 16] sixthree1five6sixfoureight
288 : 24] 2zjfndzqqzhkvqcfljpkdntdm4
289 : 66] sjldrrnv6npzqdnpktkshcqfh
290 : 32] four369xxvbqbrgvx42
291 : 97] dlqtsthreebmt91vfmjxk47jpdbkjr
292 : 76] gpdxdnine76nfrszxgnine
293 : 34] 34seven
294 : 36] 366tjcone6btwo
295 : 78] fivelvvstsjvrxppznsxkmjr7gkpmhrsfxxvmxtlf8
296 : 11] six1seven
297 : 51] 5threernlthslpdjvjv1
298 : 11] 1ninedbzjj
299 : 77] oneeightrdhsfrcd7dfour
300 : 92] 9seven92hlssjltd2four
301 : 95] 934qjgrkczclghnine5kck
302 : 77] hqk7pfqsbsevenseven
303 : 64] threefourckvkbtwomnbrcv6flqr64
304 : 61] qzmfhjdvjqjkrzdsvmdhpd61xphqddjgnsthree
305 : 96] 96zspcjsixqzbcgmjrjbtk
306 : 66] 6bgzmtlkhpsixfournrlrvghthreeeight
307 : 81] 8qrvhrjlgjb3nine1ntcrx1
308 : 49] 4onegk959
309 : 99] fcsczdfkfour9seven
310 : 76] ttkqsjgnrfive7vzbjr26pqlppfrxcndqlmrtpxqndgqp
311 : 99] bxnxvlkhd9
312 : 46] 46sevenvnbsqvqpcthreeninesix
313 : 88] vdjltg8
314 : 37] five3onevtxxtseventwoeight7
315 : 41] 4seven684hcvm1
316 : 98] two9klzeight8
317 : 29] q259
318 : 31] mfzsthree1
319 : 55] zmqfivegfqzsfxnp5tdp
320 : 21] zrpggrqldx221nineeightlbtjbtx
321 : 38] fiveblninegkgfive3two8
322 : 83] threetvlsjbmnfive83three
323 : 58] tsixbqffhzfive8
324 : 99] ctxbssevenbrcvxt9
325 : 58] ft5ninetvh8
326 : 11] fivegdqst1two
327 : 16] three16oneqs
328 : 17] ktfphzlgone7
329 : 84] 884zjgkmtddggchgvfvg
330 : 13] fourgsnone1ninefvltlzcgcrjhrp63
331 : 92] threentwo92
332 : 26] xjlttwo6
333 : 98] nfhpnmff9foureight8
334 : 53] 5nineqpdkbgdfourseven1three3
335 : 66] ltnmsixnhzfnckdzpnheightnine6three
336 : 98] sixthree9fourzflqn28
337 : 33] dknzbthreed3
338 : 58] 58llxmhb
339 : 38] 3ninesixftzmeightone8
340 : 35] 3sconeone5
341 : 69] hmq6one4kzmkzjkvn9gvfbklp
342 : 15] fcmkpcjh1three6pxkmkvmm5
343 : 72] rffive7sixthree1xjqxeight2
344 : 33] 33nine
345 : 35] 3six55one
346 : 99] kpbnhpveight9tgx
347 : 66] b6pxfmcpnhgqlzgmncsix6
348 : 94] tprmltwovzvrseven9two4
349 : 15] ntnine1575seven
350 : 57] 57onebk7four
351 : 54] 5d394lgtjbzzdtdgttgk
352 : 44] 4gkcone
353 : 17] sone177
354 : 22] fourtwoeight2gcbgjqtxgdcv
355 : 95] 922seven75six
356 : 66] tjzzcdnmlqlsljpkfvprqqnrkeight6three6
357 : 77] 7fourxzltksevenclbf7vjslggfszg
358 : 65] oneljktrrhpfxfpr6three55five
359 : 36] xrqmxvrn356v
360 : 55] threenbhhxsevenztcggns5
361 : 44] five4eight
362 : 65] 65twosevenone
363 : 39] 351twoxrmcv9
364 : 79] eightstptjbkzninesixnine79gkgmvpm
365 : 67] 6vgltwoxcjfkvhl7psfsvkssevenrxlksjktltkmt
366 : 33] fiveninefivengspsnfz3
367 : 55] six5fivekonenineqnkgcpvhkr
368 : 67] ngndtzrzfnssvtdeightglnxvtjkqtcgn67
369 : 33] 3fcxqmhvzqclxqvkxqxxknslfive
370 : 13] 1twohxrmz23seventhreefour
371 : 55] jsgdzxlbcnpcppgdrhxjkrpnine5two2rh5
372 : 59] 541onetwoone9
373 : 62] three672
374 : 88] 858sevenbvdtqvrzrf
375 : 33] 3bptkpprssevenbtbmsvzmntnhtnqdddfrchhhfour
376 : 58] 5qxzkpnninegrdtrjvkrfive668
377 : 78] dbsmtnhknineseven8
378 : 66] eight6ninefourcrfqnlvfour
379 : 17] two1two7ninehqmz
380 : 99] 9fivekhnine
381 : 25] rlfff265eight
382 : 55] 5jtshhjcjkvfive
383 : 74] eight73934six
384 : 33] gnzpnineonedzdm3ninedlmdrng
385 : 11] rxvmnklbfthree1sixfour
386 : 14] eight1vc54qhdcgseven
387 : 48] ninenllv48hpdvqxpnfivenineseven
388 : 33] tjsmjlteightfivecxvfpxn3
389 : 51] xtddxtcxklrnpvtjsv5eight991twotwo
390 : 84] 8dtlvdjclfive134
391 : 44] four4fouronecseven
392 : 58] 5nine8onebsmnnphb
393 : 99] 9fivemqone
394 : 34] 394eight
395 : 62] zgpzcvslj652rkdptfm
396 : 55] hnktnnvxjljtmg55
397 : 98] s9tzgbhfknkvqpthbbshckc38fdkh
398 : 77] nineonegthreendtzvseven7chtclt
399 : 99] qctcphbsxmldvfourbbcphcszdmdghsssrspbjxgclpkjnine9vblnzjsvrj
400 : 18] tvthree18sixeight
401 : 89] 8lghseven9
402 : 32] nhdlg32qbmbmsksql392twonelr
403 : 44] s4nineone
404 : 37] 3eight6mn7j
405 : 44] six4bnntqxjbql4
406 : 74] fourdzdccrkmjjmknxnf7eightkjvrlzqtm4
407 : 35] 3tfxlpzjxjfour7one7eight5c
408 : 77] pcbtb7zvtzdnzjn
409 : 66] eightbjmrjmdfdeight6dhdzgfvggn
410 : 75] five725
411 : 49] 47659fblbqrbbzrthreefsn
412 : 13] nsxkcxp1fivethreehxq3
413 : 25] 2eightvbpzttsqgronesix5
414 : 36] sixsix3zbtfsxhsjm8fivemmdhc6
415 : 94] three94one
416 : 12] pngbhg12
417 : 11] sixfsp1fiveseven
418 : 69] 6five9two
419 : 56] 577x56ttnrdm
420 : 37] mrqhz3cl5one7twosix
421 : 61] 6vxcjd1dgvssttpbf
422 : 38] 3cmxjhgxkbx4qxseightfivevclpvvt8gkcqq
423 : 49] sevenone49lzllzfxd
424 : 33] two3seven7vdclqnvfive3four
425 : 69] 6sevenfoursevenone9
426 : 85] 85eightpqeightwojmh
427 : 92] 92three
428 : 66] twocfhbzdsixfive6ltnxjkz
429 : 84] 84bfkfvxbp
430 : 44] 4jkeight
431 : 83] 83lcktgpntfourxgptpql
432 : 22] eightsevenznvjqj2ktckonecgslpdg
433 : 23] 2onevkbhhltxppxhthfvrmkbxthree3
434 : 43] 43grghdqconeoneseven
435 : 64] fivefsgzsvltdqpgxfdfxdxt6four4
436 : 33] eightcds3rpjdqvhqgjninethree
437 : 15] hb16sbg5ghglgqjcztdsdxfpk
438 : 88] foursix8five
439 : 99] 9tworxpkbnnvzdzgtq9ssgsbfbrrqtwo
440 : 11] 1jrtvfvbzd
441 : 99] five9threetwokdzmkfbkqggvrthpljm
442 : 38] 3threeznps8fourvpfcxtjqpmnine
443 : 11] qxvqqntcpnfourseven1lfblgmmxsevenfpxjqbskgdonesixtwonezct
444 : 88] threefvqjfknqntzmtdkz8
445 : 54] 56sixzmshnfdgd4
446 : 16] twotwo1bbsbsixhrhlrvz6
447 : 75] 75c
448 : 29] three23four29
449 : 42] 4five182btnjxqtvtd
450 : 57] 54dhhg7nine
451 : 47] 497hhtgmprmvkthdtwo
452 : 35] 35onelgvtxqxrvq5nineone
453 : 11] 1tggrpnsch432sixhc21
454 : 19] 155cdjntgmmjms9psszbgfv
455 : 88] 8jxqjcrhfchvnsixkcnqvjdsixsixjdsvc
456 : 86] one8six6
457 : 18] twovfghzcgsrznk1three2threeqlshlztdroneightm
458 : 17] 1xppptflnineeighteightnn617
459 : 66] svpnine6jhqslblrzqonetkrxddjk
460 : 22] 2rnxbqrrfiveoneightgsc
461 : 55] two5gcmkhxvklknthreethree
462 : 67] 6onesixvnfxnfrh537one
463 : 22] sevenninetwo2eightthree
464 : 27] five2four2nine2xlz7kkbdtlp
465 : 91] pzdtwone9eight63fivercztdbnbfournine1
466 : 45] 4sevenxnzvsjzj5three
467 : 37] 37ninegkzrsbcbtwohrseight
468 : 59] 5threeqklhpbzmmjgqnpkfldcsixgsfj9oneightml
469 : 42] 4threevpsrffive2
470 : 51] rmbxxtwo5twofive1sixeight
471 : 72] 72glqq2tjknnhlxlnpntrrjbc
472 : 33] 34threehdrchqmzcdjcckg23
473 : 47] b4487
474 : 77] 7one7
475 : 59] twosevennine55one19gcgxs
476 : 47] 44npfpjn7
477 : 89] 8htmkzqhht9
478 : 23] 26zzkbq3ninemdhntftfprqvnvshzdqfnine
479 : 77] five7onefour2lhpgscf7ffmhgp
480 : 58] pxqp5onebmmnljxssnine48nqhz
481 : 11] six1nine
482 : 41] seven4cdknfkdhvbone6foureightseven1
483 : 99] twooneseventwoxzhlnfgthzffz9
484 : 41] bnvzpzlmp4five1
485 : 88] dddcjrmbeight8nine
486 : 31] six3rglfhkthree1jlddcddtfsix
487 : 11] 1rxfourxfszvlq6eightsixqbhgrrhll1
488 : 25] eightfour25
489 : 15] 15fournfourtbdnrjmf
490 : 45] ftrvckp47slrbnkkneightxqqs5
491 : 55] 5ninesix
492 : 66] mgddc66onezjppzml6oneightvv
493 : 78] zknine7nine8three
494 : 83] kmkkfiveltrflvxdcxtworsfiveeight3
495 : 77] oneonemn7oneone
496 : 31] mxcchzfxseventhreehhqjthree1
497 : 66] jvnineone6fgzxqszthreetwo
498 : 96] ninegx9five2two1four6
499 : 22] 2xzgxhh
500 : 81] 811vqn
501 : 55] hxqmnfcvbctsvrfgs5xvzeightrbrfq5ksqcxxmrs
502 : 87] 8xqxzq1six7fivezbskvznxx
503 : 15] 16seven5
504 : 66] onenfdmcxtddscbmgvksseven6eight
505 : 44] xbnmkjgdpbqgnxhdjninesk4
506 : 55] xdmmqpn5lhvhvjmxtone
507 : 24] three2994plmtrfqstmfive
508 : 37] one3367nine
509 : 31] fourfour3khgmtcctvfj11fpcqvnine
510 : 48] 48fourmxxfour
511 : 81] five8dtcqjjrcrg1three
512 : 88] drhjrf8eightthreebxgs
513 : 21] onesixdht2vrmgnzdbj1three
514 : 99] gpfglhctmxzm9fcxlgtsixseven
515 : 66] 6rrrpl
516 : 15] seven1six5bfjpmqc
517 : 84] k87rsxpsjx1mjxsdchjlqseven4seven
518 : 81] 8three1
519 : 55] sixfrbvgcvvxm5
520 : 59] zzf599
521 : 26] soneightthreeeight26fourhjxfxjg
522 : 92] 94nine4nine2dmg
523 : 98] 98sevennine
524 : 92] sixdkcpjglgkjnine9vphg2fivehlggxbnjx
525 : 88] sixthreevphh8
526 : 51] kdtwoneseveneight5211
527 : 73] txjsmlrsix72ljpkpnmgbnkckpvgtfx3tdkmslsix
528 : 45] 45oneseven
529 : 47] 4sixdgsixtwo7
530 : 33] ninethree3kmzs
531 : 55] 5blqnxkkjxp
532 : 33] 3khcjgxghgdqkjfthreeone
533 : 57] tnst57
534 : 81] 8sixvvsxxmvmtwofourfjhtks4pdnccx1
535 : 31] 3fiveoneonezghfkxpsnkggld1
536 : 99] 9pkmpxrxlvz
537 : 22] sixmlqb2
538 : 68] 6cssvpsffour15gsqvv8six
539 : 11] ngsz1
540 : 92] 9eightninejkd882
541 : 49] rsftptwo41sixp6eight9
542 : 98] eight9988threecjeighttwo
543 : 59] tworf5nine969
544 : 62] 6oneeightwod
545 : 82] threeqgcdsdvksix8four52
546 : 77] ktwone7fourtpskssrdsrsevenffpxshtksvzxffour
547 : 22] qlrmxzg2six
548 : 33] sldmxllptp36zeightvh3
549 : 88] onefive8zkvnnzkglzfpsfl
550 : 88] dzbnthsjtm8sixroneightcx
551 : 33] gcxgtsrpsv3ggcxqghc
552 : 18] 1rsgjmfprrtwosvbscszlmgmq8
553 : 99] six9three
554 : 36] eighttpvjjstnkgone36
555 : 47] jrxvfivetsdmjmkz477
556 : 46] 46four
557 : 23] mxblldfxdxbxgltjzvx283
558 : 95] fone97mszqxhseven5
559 : 94] 9threenine4
560 : 22] sixvbshdqvjngeightthreerpfhbrx2
561 : 41] krbtwone4ninetwohx6mprpvkp1
562 : 66] cftlseven6eightnine
563 : 99] twoqdrnvvqgkvmlgljdljvbvc9
564 : 11] seveneightmbbdlsssrjhsffdlfll1
565 : 88] 8pdkgszhfj
566 : 88] f8
567 : 24] 2cvbxndjfournine194sixfive
568 : 36] qctzrvbfonethree6
569 : 33] two3foursevenbsixtwonvmpsdqfmjfb
570 : 73] qrcvxvdngmzrs7cjrpkhrhzsix4five3seven
571 : 85] 83hone65
572 : 44] threefour4fourbbhgbzrdsix
573 : 41] tcnoneightms4nqp4351
574 : 45] 4eightzscdfcfms5
575 : 99] 9two9rqbkxggthreethreesevenhnnnq
576 : 39] mxngggxnineeightxjzmf3six9
577 : 93] 99gscgrdz3fourthreeppkgczb
578 : 48] 49258fivehkjlcxdq
579 : 69] vdzlp67bkhdfpjkh9
580 : 11] onethreetwo1foureighthltfive
581 : 33] 3rpkvlrzd
582 : 47] threenineptdjgzmcthreefour7
583 : 28] 2oneqrjhmqzk48
584 : 55] threehjqbmbgdn5
585 : 47] tbnjv46sixljhmsf7vtrnr7
586 : 98] eight98onepsmdcpkgssevenqrhc
587 : 88] 8jjhzgm8four
588 : 46] fourseven4twobkbxrmjmzz7mnjzttsix6
589 : 44] ninedv4onefzc
590 : 55] seven5fivefive8scrmc5
591 : 36] 3four656
592 : 42] 42ggpjxtpfsflxffxdnscjbs
593 : 79] fivefivetwofour7seven39
594 : 37] 37pvxpmszcjtgnvkh
595 : 72] eight71three2one
596 : 16] eightsixsevenone6
597 : 12] lrrqcm1cktlbhng2qjxfcchzfr
598 : 66] eightnineseveneight6pqvqdqmk
599 : 82] 8cmxrcmjkhckvxbtlxzx2eight9cqzb51eightwos
600 : 68] zngbcxskdvnccgrhbcc688
601 : 84] 844fkkvffrqsixgfdsccgtwosixgkmkp
602 : 86] nmmeightwo8ninencqlbbgcv6x
603 : 52] 5352jvlnrcdj
604 : 46] 4fourfour7gdkkseven6
605 : 55] bfxzk5fourqmgtmtjvmbcl
606 : 88] sevenqxdzcsnbneight88sixbnkqgsone
607 : 33] 3twosix
608 : 44] xjdphbsfnqhqntcmsixtwokl4xcbmxgxnbp94
609 : 31] mjhhzggdltwoone3sixtwo1sixtk
610 : 56] 5onevdrkgdsgr6bdzjlthree
611 : 66] ninesevenfhkgdlgvlcpsfourpm6sfive
612 : 77] bghpthree7pdgtvhzninefivezgsxfsngm
613 : 89] two878ffjrq39bfkbqlrsjj
614 : 98] three978
615 : 18] two1cxqlhsrr28
616 : 66] fivex6
617 : 82] 86threevhrzcrfive2six
618 : 76] mghpkvxt7226
619 : 32] 3262hxgseventwolqbtfttwo
620 : 61] 6three5sevennbslxgvlxl1fivemdqtvp
621 : 55] ntwone5znpvscmkffour
622 : 44] tvtkjdrgv4
623 : 97] 95ninefive7gzljcmxklthreebjkxjdkcdghnj
624 : 66] four6bgdsevenfiveeightfour
625 : 52] 5rkkglzccsdqcp35seveneight2
626 : 22] hrdlgtslrtp2
627 : 33] 3kvrlxntlthfour
628 : 64] 61ccfqjdh4sevenkdcmone
629 : 44] lcsdjgkg4
630 : 99] sixxmfphssixninefivefive9fivefive
631 : 52] four52shspfjkppdng
632 : 88] 8dp8fourhdcsmtfvxv
633 : 82] tqp8sevenkvvzpsxts6cqgmzzdxqvmeight2
634 : 38] 36bpbjspbms8
635 : 88] nine8onehvbh
636 : 99] 9vhthfzjcdv
637 : 27] ninezvdpv267
638 : 56] 526vctfvbsfive
639 : 55] two5qcmzmgrhjm
640 : 88] cpdxfkqlhkthreerrbxzgbglmlvzqpk8
641 : 22] 2threetncvhvpqtjsixeightninesbqzfrnhhf
642 : 23] 2513
643 : 11] smrdxrzcssevenonerbsrkdbgxsevenjtbl1
644 : 64] cdhjhgmdlldvpc64fivebvljninesd
645 : 42] five41nine2four
646 : 94] sixsevenninekg91four4three
647 : 95] vhvqhxrlkstwonine5
648 : 62] threejrvchvlxd6sxtmnszjrsdxfpg6eight2two
649 : 75] 7dmmrtzcfivet
650 : 42] fivenine4fourltrnsd2fourqpkxb
651 : 54] 54four
652 : 99] 9dhpnplgmmrfgpvdvh
653 : 33] skczmbgddnmz3mvssdeightonebfbrtzzkgnrpdv
654 : 24] threesixsh28seven94
655 : 79] three78nine9
656 : 26] one26fivejcjxtkrnine
657 : 77] ctkdmhtrjxeight7fourmzrnjxhdsthreeeight7
658 : 33] fttprqpsm3bxcggksfqssh
659 : 24] f2zvdvfnz14lgrmhq
660 : 58] nine58nine
661 : 44] dsfjxsixhmkfzbveight4xggfour
662 : 88] 8mqldjrtttg2six688lfrg
663 : 77] five7kpzkf
664 : 31] qpjh31
665 : 15] lqnnrzvbrfd15
666 : 73] 73four
667 : 77] three73seven7sixzfivexjkmnbf
668 : 92] 96h2
669 : 99] spljjjz9four
670 : 56] 516
671 : 48] dqkmkg478sixsevenmtwo
672 : 66] fourvmnmqhtbxptmmd6
673 : 94] eight96nttshld9vgrkdkcjjrt4
674 : 48] bvggdvfivemrbnntgv4three8nrbcb
675 : 42] 4862
676 : 55] zpthreesixsixseveneight5czlkkbhd
677 : 55] fourxb5
678 : 75] vzdxoneknvvm7sixzd5fn
679 : 29] 29onenine
680 : 83] rlzzdppslfivethreendjghpvpq813six
681 : 66] 6eightvkxmr
682 : 39] 399
683 : 41] 4nbhjgrq41xjpjp
684 : 22] six2four42nine1mbtbrhcxq2
685 : 19] pqgrtqsfjnzbfq18fiverxltgd9eight
686 : 63] rgpkxtj6oneone3dmcbtxgtsrcfmxkd
687 : 88] md8drvkonespbkfsevennxgkh
688 : 63] two64one73nq
689 : 77] one7twossdmp
690 : 88] 8mlfxjssseven
691 : 77] ghtninefive7fiveonefournlpsd
692 : 38] six38
693 : 49] kpfnnfour4five1679
694 : 11] hjtzgrvfmvone1xt21
695 : 49] 4lgdztmfdrxqjsgflgnbldmhgvbcqcvbkd9sixthreenvgtmpkjnd
696 : 84] 8onekjghzcvmlonetwo4
697 : 55] vzvgs5266jmrl5
698 : 87] bleight7
699 : 18] tkkhzconeszjvnkrbsveightlfqs18
700 : 44] srkzcmgseveneight43zhfbl8six4
701 : 99] qkmrmhxxb96rqrzfp2qcptqvjm99
702 : 66] tftwo6cqd
703 : 66] 6fourxssnsfhcn
704 : 54] hgpfnbzxbxdjrbrjln5794lbgrs
705 : 14] sevenfour1gmvcfkzzfhpnffsfour4bcone
706 : 77] bfxbvcfj7
707 : 37] zsx32htdfsjzssix7
708 : 63] ssdnnd6kdmvqnffpvvpeight63five
709 : 45] 4tznccdhjz7375x5xmgtnjb
710 : 24] 282954threezhrhfcdcqbsgsv
711 : 87] 87
712 : 29] twoonesixvczfhjmpdh2hkdh9
713 : 77] 7rkhk
714 : 65] ktwonenine6tjczeight8kzkxmmhpbd5one
715 : 24] 2gvfrrhneightsixnine4rxkvp
716 : 93] 963reight
717 : 33] eightklkqcn3threetbcxhkm
718 : 55] qmlr5onegrcggpcsftmcphp
719 : 39] 3ft49two
720 : 29] 2xnsbrv9
721 : 42] lrcslkgkninehghhfive452zvlszp
722 : 22] fourtwoeight2one
723 : 62] 6kjrcfivefqmtwoqrcpncpt2
724 : 11] rcdfk1eight1fournhzpvslq
725 : 45] sztlrrktt4four5onesbjvd
726 : 33] qdp3
727 : 66] vdmcnjkqjvn6fxnmzdrmsgbm
728 : 77] lhmonegqddt7sixrxcqpfbdfvbgrhjhf
729 : 18] sixone8
730 : 96] 9bdgczsxq6four
731 : 11] keightwo1cmlshtwofourksgbvfxvb
732 : 36] lc3eightngglstsgqz6sevennine
733 : 77] 7qmseven557drgtjcz
734 : 62] nqvhqtbqseven6fivefive2
735 : 47] six47gfjfkcgxone
736 : 33] qmxvfzhzckx3
737 : 44] nine4qdfreighteightfournine
738 : 86] 86ninesix
739 : 39] xzjsdplszj3mrtlrtqonesix9
740 : 33] ksmfjng3nineggtfmnb
741 : 55] fourtwo5ninejtxdpthfv
742 : 44] foursixsevensixonemjhbjnffourq4
743 : 95] twodvfffeight9sevenninetwojj5
744 : 14] 1one4nine
745 : 38] twofvcjszbmsltxh317vvq8six
746 : 44] onejfmqnlqnlzlh4
747 : 99] 9sevengggskjzkr
748 : 71] 7796twohqccmzbfneightkhtwoneh
749 : 42] zkrv48seventwo92five
750 : 66] 6blv
751 : 24] 2ztztlsqjvpm4
752 : 75] 7lsvmnkhvjmknsndcrb5
753 : 88] lnttk8fivesevenvxqzrzfour
754 : 58] 5twopzczlqrrgm8one
755 : 66] 6xvhrpzkbkvsix
756 : 21] two21rvfnsdmqq
757 : 36] 38jvthkzntnfr11three6one
758 : 77] 7z
759 : 55] one5fivesix
760 : 73] gmmdgczbvbrqkfhtv73rktsshh
761 : 11] crmqmlbxs1five
762 : 76] klbqjnxlsix76
763 : 48] 4rpvqnl3tbzrxmzt8sixthreefour
764 : 88] 8pkmhdfourzzbfhxtpjggqvbtvrzfiver8
765 : 25] 2one2tworbhjldv5
766 : 96] zvrbvpxqj96eight
767 : 45] onezvmczthblv4cgddmmhfivej
768 : 22] 2zffhnpkbkhrmrksxjqfjztxrbts
769 : 22] qjrrkhplk2nl
770 : 73] ks73
771 : 36] mxtvxfqdphlvvkkkxntcffour34qcgns6
772 : 82] twoeightrpfpdksq8nine72gkxlvmqmlj
773 : 15] jkqeightwojzmfjdgt15ninehgthxf
774 : 99] one9grbzt
775 : 22] 2pprfzbjp
776 : 53] kxnchhthreexthzfjqz53
777 : 67] f6four7mttnqsvzmbsqljdzqhcpnprscsggvvsevennine
778 : 51] 5five1t
779 : 45] 4seveneight3nine5
780 : 77] 7sc
781 : 33] sevenonegmfcqmdv3tzvsgmeighteight
782 : 79] fqgmpklfjonevjppghglqcvzthree79six
783 : 21] bthreefivedqxsxlbfjjgzgbzdf21five
784 : 13] nineone3
785 : 77] five7tpfvdjvtpbtbrtsevenfoureightrfflhhgx
786 : 84] nine8one7dcgrczs1xrqxtfive4
787 : 51] rd5threefour1vpkcls
788 : 47] cshxmsz4two7onecgzkpfivelhcxgdpmx
789 : 93] sevensqrpfcfv93nt
790 : 45] onetqxjsrlzfhgt465two
791 : 35] fqdfvgfhdeight3four5sixseventhreetwoneqfd
792 : 46] krltgfglsevenzjdv4five6
793 : 54] 5three54
794 : 84] 84rsx
795 : 58] n58
796 : 11] 1qc1three4twosix71
797 : 33] 363
798 : 75] 7bg5eightsxnkcdsdfx
799 : 22] 2fivetwo
800 : 99] nineeight9seven
801 : 82] 8nqqnine2
802 : 48] ljlmfzbzcbone48
803 : 67] nbpnjb6threesix69fourgjxxtzp7
804 : 77] 7fourgrqj
805 : 48] ftvzmv4ck698
806 : 66] onenine6sixl
807 : 62] qvtrkhpnv62gslfivekzbzpnrqrm
808 : 95] 9sixkjxsbzfnhj5gbdqrtczlhzjhzl
809 : 11] nine1seven
810 : 41] 4sixqhnqvdseventhree1
811 : 84] 8prqonespxk24jlxkh4
812 : 74] 74mrhsmxnbnhbjrf
813 : 61] one6mm66jccznbtjnfour1
814 : 51] 521fsvn
815 : 73] qqninethree756fgrckrnxk3
816 : 24] seven2twosixfourr
817 : 91] 9ninechrpncvqfone1
818 : 89] 87rfpsgp9thrsix
819 : 66] cjphxnxkhx6gqzngzzbd
820 : 22] vsl2seven2
821 : 38] 3bgjzmqbvvbhvmmvcnnttsqqqcjngtxmdnrf8
822 : 13] gknfive14four3twoeight
823 : 74] xtvbhct7three622sl4eight
824 : 94] 9fivefourbxxqpczdn4two
825 : 33] twonine3eightplqjnljhgthree
826 : 55] fivehlrxpvtxm5
827 : 15] 1fjmzkdgmlvtxlcztblfknrqnsp5ddftwo
828 : 79] vvhxgmgtsixglcxsqlxnhhvldh7seven19
829 : 33] dqhjtgsbjtphkfsthree3one3bhbvvjxgp
830 : 99] sfxhzvttvjtvbsneight9eighttwo
831 : 28] 26nine65one8
832 : 13] kbcbcssevenmq13sevensevenbhfjldzfvbckztfv
833 : 77] fsqmpnxrfn7tbxkfzfltctl7
834 : 73] two7twotwo3
835 : 31] 3cqgzdxhggqlveightr1sevenqgxtptmfvrfour
836 : 33] qcmfn3
837 : 82] four8five2sixnrdt
838 : 67] onenine6kppc7seveneight27
839 : 32] 3dv132
840 : 22] npjkktn2
841 : 55] eighteighthkkmtpcjzmnqxg5bxpfgrxvtqthree
842 : 19] fourfour19dfqpnzr
843 : 28] sixkl28twopgzgfvlvfnm
844 : 99] eightsixsixfhfljfkpg9
845 : 77] sevenfnxbmzr7ssfhvssnzsrfs
846 : 33] six3onenine
847 : 25] sixone25hdvmm
848 : 26] mnz2threecnsbvjsh376six
849 : 44] one4one
850 : 21] xbvxnvrppxsvppnd2rstpjnvmhglsdmbk1
851 : 49] tvlvk4shmlkqmmhfddbgbjfourcpx9qfhrrnine
852 : 45] 4nrnxppcseven5
853 : 85] one86gchcvlfc5ninenjhpckffzfour
854 : 47] 4q2jlccvmgcnj17
855 : 52] v5283seven2hpch2
856 : 78] sixeightjsjbclsxmhpxqcx78zgcnfqcnhtmfdc
857 : 11] six1jh
858 : 74] sjgtcrzq7ssgzxccj94sixqqsqv
859 : 66] twodone6five
860 : 35] 3nine5seven
861 : 87] 8zngrtcjeightfourzqzrbbhs7
862 : 22] pqtthc2dszssv
863 : 66] lcpgrkprhksvsg6
864 : 55] 5seven14cckncpbqjr15
865 : 79] five76tslmpggzcseven49
866 : 59] 5six4sjmbqhxxnine6five9
867 : 33] hslrsq3seven
868 : 85] threerhf8three5
869 : 44] 4sixnineqtlstseventwoone4
870 : 76] mfdvqblctd7119xhjh6sevensix
871 : 38] kshxspjn378bhvqngjjgbsxbglf
872 : 55] sxpjbgrfivesixeight5jpvk
873 : 64] 63fourm
874 : 31] nine372eightjhbjvmsix51
875 : 47] 487sdkxfsevennine
876 : 33] 3twofgnjpmsrtl
877 : 11] 1pqxthreemvlbqlbmshzfiveone
878 : 22] 2fxvnb62five
879 : 91] six96threethree1bfpbmgzt
880 : 89] fourthreerdjkhfmmzbqrkvlkt8eight9
881 : 55] 5tzclzmfx5
882 : 55] seven5fourcxngd
883 : 44] dtbxxbhqfs4honeninesevenzdtvzcnmz
884 : 94] six94
885 : 87] tb8sfm7fngplpbprfour
886 : 58] 52vlpsldp8ltspbsninefourcsrcp
887 : 56] two56
888 : 11] 1rhxpdkgnhmlcpzrnkcpplpftbs
889 : 12] fivejjlfp11three7tdk2six
890 : 44] bkkltsfzhp4
891 : 33] xszczgrt33
892 : 69] 6sevencjvbzrszx9twotwofive
893 : 53] eight5636eightxpd3
894 : 55] twoninefiveeightbmfhtgrksix5four
895 : 71] 795bczlkm1vchhbgntpthreefmvfplk
896 : 52] zsl5rlffhdpz22
897 : 96] 9twotscnjtttone3five6four
898 : 65] foursixthreeeight6rcrtzpr5
899 : 88] kc8eight
900 : 77] 7fourqnmqeightlxnxlzvznsvsonefour
901 : 74] xnpcbth7eightfjxz4twofiveone
902 : 33] two3twotjmtbzc
903 : 98] knj995hhs18
904 : 88] flnine8qklfchbfivethreesp
905 : 11] 1sevennine1onethreeseventhree
906 : 17] foureightdbtsntzzmsdone17eight
907 : 35] 38sevenfkbm7nmmtrcxd5
908 : 18] 1bmknc6eightfour8five
909 : 32] 3eight2
910 : 51] nine5six11tqsh
911 : 65] 6onehgfr5pbljsp
912 : 67] hrgbjqzmd667
913 : 28] 2fhlqvk8fggmseventwoqthreeknt
914 : 19] 1zpfmlgxbg49five9twondktfn
915 : 11] mbghltchlbghrplzdp1hhzfzvjonegszlbrqdfn
916 : 23] threechdshmnbfpfhvhlfourqfsix23
917 : 66] thcbzmmmbmcnineccvsrpqdgcbjldqdvhqqmzvz66
918 : 44] zmlxnine4zmbqkjxnclninefourjrddc
919 : 57] onegdnccqfn57dhsxqzpqhjnxzk
920 : 18] ncgvtt148nsgmd
921 : 22] 2eightxjzvrgd2stsbfmdfp
922 : 24] 2oneone84sevenonedl
923 : 53] eightseven51dmcrftxmgvjc3
924 : 49] mxstpzpstwo4njlffxpkfseven129sxn
925 : 29] foursixjdq2svlsscl9
926 : 44] 4gvbkcrkpbqkfdxbtvfive
927 : 11] 1fivefpgfptknhfivesevenhthrdkmqr
928 : 19] 1vztq1fpqltwofoureightseven9
929 : 77] 7threerkbjsmstwoxrnmcpgrzg
930 : 75] 75lfjpfzhl
931 : 88] 8jcdtqhc
932 : 77] twofngdlrpk7
933 : 18] bsskd18
934 : 53] oneninerq5one3hvsssmkfive
935 : 11] six1vbxsnktv
936 : 63] five63
937 : 66] jjkzhm6mnjqkzfpqeight6
938 : 66] 6tvpfmvfivegvfbxc
939 : 33] oneqgfptrlqsr3qschjjxfour3
940 : 22] 2155slkvtwobqsd2six
941 : 38] rrxtlsnthreesixfour38fourtdn
942 : 99] 9onebptxrbfxtrldzxf
943 : 59] 51one472five9
944 : 94] tt9914
945 : 34] 3ncvnxdzzsllcxvrnsf4one4
946 : 12] 1fourdnsjscnhzgsspdrone8five2
947 : 33] two3crndvmtgseightone
948 : 31] 38tworrtprmtwo21zctwo
949 : 98] 9sevenfivebcbdckflh58rbrftfv
950 : 33] jfknvsmpdtwoeightthzvqr3dqvmmxqps
951 : 99] eight9rdgmsdkz
952 : 72] 752ninekjvqrm
953 : 22] fourthreekbkphksmhv2lrdjqrjtvk
954 : 95] 9sixthreenine5csnndtgjtrbkdkqrccftxmzmj
955 : 33] 3onefourfoursevenxdzcrhveight
956 : 89] hdnbvczvbmdqtk8four3879
957 : 55] sixsptcfmqsnzloneonefive5
958 : 53] tccqbtfjqglmvmnine53bgzzcqkfp
959 : 33] nfour3lmbvsls
960 : 57] foureightsix59nine7
961 : 33] 3jpzvpzxqgrqdone
962 : 19] 1one939
963 : 28] 28vsdl
964 : 11] 1fourxneightoneknsixmr
965 : 47] fivelmnpsfxmv47
966 : 47] lqgqvcczjmbrbgqpq47tjhgxptxfzdpkbc
967 : 82] sfmd895hsf2
968 : 99] 976cjqtgqone69
969 : 31] 3hdmdfrbm26sggqpfive1
970 : 29] 259pzchvvrbcvhklhbr9five
971 : 88] ftnfivebzdkq8
972 : 63] 6four3
973 : 25] threetxgc2htprtqqj5fouroneightlf
974 : 47] one492six7rzpxpfourone
975 : 98] twoeightnine8
976 : 77] sixeightxpcpfqmnlgseven7one
977 : 69] zzpkbmh6six46four739
978 : 21] ninefivejqnfqvmctwo1
979 : 94] three9sixqtdgqmfour24
980 : 22] fddrhjk2
981 : 66] bqrdqqtkv6sqqdthree
982 : 48] g4four8rhggvkmjxbhszh
983 : 68] hfmqlrvknklhvnxrqztffive6bndcljvgzlnc8
984 : 44] 4ljbgjvllx6vvfc4
985 : 36] one3rrbseven3sevenpnnrnrz6
986 : 28] sbb2sixnine8
987 : 99] znlgdncm99twofmhmftsnlk
988 : 44] dppfive4fsnxctq
989 : 11] sevenrpxdcn1eightmvx
990 : 87] 8ninefivegzk7ftqbceightwogfv
991 : 71] hxlxggmkrqzbtfmdqxfdnineeight71
992 : 44] ghtbmmrdfh4twoeight
993 : 15] fourfive14lgonegdxjrpx5four
994 : 61] 61gdrpn7two1four
995 : 55] eightqhxvgqpvgxnmmonefourdpkqsmzm5k
996 : 44] fktwone4ninennnjdccftwothreetwo
997 : 33] seveneightmgqfcfczxsthrxhq3zcthsrxshddnlxronekdhqmmbhzd
998 : 38] nsbtggzgjx3eighttpkhkvknpsqxsevenvh8
999 : 17] 1sevenseven7ld
part 1: 54632
part 2: 54384
0 : 35] sdpgz3five4seven6fiveh
1 : 86] 876mbxbrntsfm
2 : 58] fivek5mfzrdxfbn66nine8eight
3 : 54] 554qdg
4 : 68] ninevsgxnine6threesix8
5 : 45] 4fivehmg614five
6 : 63] three6sdnttwothree3
7 : 22] two26four2
8 : 53] 586dntdbtmfourrjnjdzptcfrpr3
9 : 78] dgkclmseven8
10 : 88] onepeight8sqzkrvvn
11 : 54] ninednnsjeight5c9hkzkhrgzcz4
12 : 48] 42pchdjlnsxr688pvlgsr
13 : 52] vmzkvb5six4fiveg2
14 : 57] 517fourone7kthdrcxm
15 : 99] sevenfourjgtwocsqzfbsqvb9flrlzxpx
16 : 34] 3jqdxrqqzhkgg2fourthree9four
17 : 46] qjgfbnqjeight4onejm84sevensix
18 : 11] pgvthree1six15nineoneone
19 : 52] 56ninefivefhnmmh5fdqcvttpsjseven2
20 : 12] sixtrvj12twomq
21 : 25] 2jmxzzm9xhxmndgbhjlblhsnine75
22 : 89] pckdqrp8pgnmkgv9onetwoxlk
23 : 72] 73mrflhnfzfxjqrqznj2
24 : 65] tfourninegnjhhdzsix6sevenfive
25 : 35] 35zrgthreetwonesz
26 : 92] 9fivebstlx42
27 : 69] 6threenine
28 : 92] threebscrccrt94four3gvqdkdtjphmnmmf2
29 : 32] 3seventwo3jmzxfmcnvjbnsgbgktwo
30 : 32] vhljqhzpbtxcssix3dbvttwo
31 : 46] 4ninefour6sixpccqltcpvh
32 : 54] 5fourthreejngfour
33 : 34] 33rgkkfiveeight4xq
34 : 88] sixklhpptnnk8qvgbdcn
35 : 31] 3bdtsjdfbmv8eightseven9sixqgfcmfpcone
36 : 59] vhckknzlvcpfvttnmnk5zcvs1eightnine
37 : 58] qheightwophxbnlv5nine8bknvnkdbps
38 : 73] 7eight3gccqdgrltpkpt
39 : 26] qvjqtqffvtp2six
40 : 55] eight5ntzknggp5
41 : 66] eightone6fourkf
42 : 35] vlksmsxsljlnhtwo3mrc3five
43 : 28] one2eight
44 : 67] bqnjmjsznc67tdvtpdt
45 : 85] 8five57sixfive
46 : 44] one4zhhlncnbncvzrsbsslnh
47 : 78] nqdftnsevenonellvpsdhrnrtrdjhbqscpd78
48 : 13] 1fivefourffm3eightlcssevenclsjtb
49 : 71] 7mqqgglzqmpk415gcggplprone1
50 : 22] 2jprlqkpb1sixhfbvzjrgsrpjzbhtgrhpfour2
51 : 94] 9twotwoqlvkrkhjthree44shvjxkpjgzgphgprflvn
52 : 52] eightgsonefivefive2
53 : 71] 7sixmpnbgtmzrdbfive41
54 : 24] tkrcfive2eight23four
55 : 52] vgbqvj5mjplnfdsqpfone2hpxz
56 : 77] kvl7onehdvvfdghbsngrgn
57 : 65] tlsbhjblnpdlrtfour6btjcfmgdvtfive
58 : 61] 6qnfivehnt31qcpmnhx
59 : 55] onesnqrgxstfmzhtln5bnldmvlqzsh
60 : 54] fourgn5fourggbddjsj34zncxtmxxvsvs
61 : 46] 4lnr6xjkpzdgvsevengplkjdjtns
62 : 99] hzfplpdt9
63 : 28] sf2twolj8
64 : 61] 6zghkzbfdjctpfp1
65 : 65] eight65
66 : 64] tvzmxzstsixmkvjkjl6eightninefour
67 : 52] fivephplggzkmfivetjfourmvcpnjxfvg58eightwoc
68 : 14] 1fivehpleightfivethree4
69 : 28] zeightwo8
70 : 14] 1jfcztzr5sixoneshmlpgtwofour
71 : 36] 3zksglknjmvqfqhfiveeight76onemldlltn
72 : 92] 9four4vtg32srrbqfczmnxdchtbvc
73 : 92] csdb92sevenvsnxdbd
74 : 46] 4sevenseven6
75 : 89] 8two8rm3fkbsvphhdrznine
76 : 19] trp149zxzrkk
77 : 99] 948two9ninenine
78 : 33] cbmfivetwoninekqbkhkddc3rlfxlfh
79 : 47] btvcshj4seven
80 : 99] 964sjxonesixgcjxmtnine
81 : 89] nb83fivegxnvxxrstqnine
82 : 56] fgoneightljvnfour5gfsix4sevensixt
83 : 67] 6one97
84 : 38] three3two3sixtwoeight
85 : 55] kxonesix59xtmbqd5
86 : 58] dfqfcbv5mjeight
87 : 26] nine2nqhrsvkvzzkkvnn6oneightlbq
88 : 88] eight8rztdlm
89 : 14] ttcfdskrxlqlggmgfourthree11two4eightwopgz
90 : 88] 8seventwooneightfcj
91 : 89] bmt8nine
92 : 76] rjzkjlgone7four2cffkgq6eightccsmvxhkk
93 : 65] 6qkdznvrcdltdgpn75vvmvf
94 : 32] tcjhrgtlsixjsrbxdnseven3hkd2pnklcmshsf
95 : 73] mzptwone7onethree4tzthree
96 : 11] 1sixgnvzbhscjgcr1gxfzpm
97 : 14] 15twoqzplbsmfcnznrgrnthreetwo4
98 : 85] six815eightbdrone5five
99 : 93] three9pp21h3hzzg
100 : 22] fivetwothreezdhthree2dggsdgfdrx
101 : 58] mrqpblvqvfour5zkvvfjjbr8plzkh
102 : 88] cnxdvg8
103 : 66] pzxeightwogxxmtgs6
104 : 46] zcddqkhkjlfive4onexkdggcbfbqzxhfxqnb6
105 : 37] 3jqncxxjjz7
106 : 44] bcntgllhg4
107 : 99] 9sixpbgnine
108 : 41] eightsevensixfive45861
109 : 34] qhrqsppdxdnseventwo3fiveeightfour
110 : 89] fiveeight9
111 : 13] qvbvjzbfzrtcsxdrsxlr1fourjtqckdjg3
112 : 73] sixfour728onethree
113 : 78] fjponeight728fourndlcrm
114 : 83] 8fpbcvbone8ltzprklvgdcjhhsvq3
115 : 85] 8sixhqmsixxqmclmgvhfive5
116 : 36] sevenvvc376ckfrjjjcn
117 : 55] 5onelxvs
118 : 62] 6eightjtfphvprone1ztrxq2
119 : 69] 6789bnfjqg
120 : 12] zfrpr12two
121 : 86] 8eight6jxmvxhchj
122 : 81] 81fiveeightfourpxmdcfbqhf
123 : 96] hpxnskbgbjm9hqllklsxq6fivecvsxvpl
124 : 52] xjbtp57two5onefmkbzdtwo
125 : 66] five6fourhpk1twosix
126 : 44] sixxkqhckjdffmsjqgt4xjtgq
127 : 91] five9rxrzgk1
128 : 27] z2seven
129 : 63] six6nine16three
130 : 64] four66lzqjdpndp5four
131 : 26] 2zzsdpx6vfckpgvlprx
132 : 44] kmlfslspdkxp4smpqkcrdpfn
133 : 73] seven7xqtszl3oneninetwo3
134 : 78] ninethreegrxg78lpgstkpvckngrbd
135 : 75] 746eighttwo8two3five
136 : 78] one7nine2fourqctmjggsgtlvj8
137 : 96] sqdvmfrssz9rglsczgbdk6djnvb
138 : 82] jrnkffhkdseven86xvfkvlnv1three2
139 : 37] 3jgjdzz887
140 : 61] four6threefivetwohgfrcbtcpv1
141 : 82] 8nine23twozhnbn2
142 : 36] 3four9xmdqjnvscqvqftbbbqbgp8cpczg6
143 : 93] 96twoh4lrczqsvtfrj3
144 : 85] hgjvlbzrdprtrfivedhhsevenfour8five
145 : 22] threethree2sevenvsmlpxbsspxrgkfour2
146 : 47] 4threethree7ptffzx
147 : 13] 1eight3nktcptcs
148 : 55] 545
149 : 26] 2hvgvkrtqtdfk9rvnklqqjdfcvvmvx6
150 : 23] qhzvtqlmghjjtpcjeightgbkqjpsjqjbhseven283
151 : 68] dlqnqbreight64668jjcsoneightxfn
152 : 84] 84lqtmgjxgcr
153 : 18] 118
154 : 29] hceightwobgcbsbtslf2onebhkdqlpvxxjpgsnmzfthree9
155 : 64] fxhxhdlkfrdhfslllsevenjvzdcpkclxx6four
156 : 84] 8ppsvxfxpbv87threefour
157 : 42] lonenine4two2threenx
158 : 19] xtvtjbspvcrlrhbczkqt199
159 : 52] glspl5fivecfzjjqjktmvcnk2
160 : 74] pfgcqxjkkx7sixjcgmgszzbv1gnpvjmckfour
161 : 73] onebtvsctzzbxcvvvmltwotwo73
162 : 92] hpxl9dgn22twordrsfk
163 : 66] dsixbtsbccxgkheight6hfsix
164 : 82] foursevenqztbvqhbghmtlq876two
165 : 74] 7sevenzdhsmmrdrmvzddp7sixeight14
166 : 31] one3fourtwoseven71
167 : 53] hbzs5threeeightjkjmkg91rsthree
168 : 33] 3jfshzmtdrsonejtonelmjfkkjrmhzfxttm
169 : 67] gvcxznvtdtgkhrvbnlqsxbdq677
170 : 61] ffjqbssh65mpvkpqcgvmlzsevenlrbhfourone
171 : 77] 77khln
172 : 24] 21sevenhnine4fivevclbksgpxxhsz
173 : 43] fldn4oneeightknbvh43xjqnnkgxv
174 : 12] 1fourtwo
175 : 46] dbvskdoneoneone44gs6
176 : 16] kqvmpr16twotfvjckstvg6
177 : 12] 1msix522lbnt
178 : 28] 2eightlgsfcttnchptgq1eight
179 : 12] onesjpcjmss15vqlzlkfqtpmmrkkbseventwo
180 : 11] 1pqzgkhhfltwozqls
181 : 23] 28twothreelmgqkpnfourfivex3
182 : 33] eightxvjtsevensevenpcrjtfcllzeight3mbjdjnklgxzzfdz
183 : 89] 8brsfjhmbjl9hn
184 : 47] 4eight68fivesix7
185 : 33] ninethree3
186 : 14] eightone4
187 : 56] nhhrrvvcr5oneninesix
188 : 88] 8fourdzzbsxlsnlqfsjjjlf
189 : 86] one866onemgzhsix
190 : 58] stwo56tj4two8
191 : 99] 9fourndxfjdptt
192 : 71] hgvxgninelbvvttxlqpljt77one
193 : 99] 9sixsixbhtqsfgt
194 : 98] tworvghztldrhz98xgdgkbpfj
195 : 55] vfhtlmxkeightsxpfcvbvmmms5txnktxhj5
196 : 11] 1njpfjngfone
197 : 44] nine4xcjdsmbdl
198 : 41] tdzjr493threeeight1
199 : 99] 9eightgmcc
200 : 82] dsmr83svmgltgkkzpvtfmdgfjff2
201 : 73] qtm7four6fivejmbcnrfpv3pffqsrmcd
202 : 73] 7zdmrnshs843sixfourfourfxxg
203 : 86] d898two66eightbrfrxmvx
204 : 13] 11twophvzjqhslk3ppcbqxpxq
205 : 82] sevenqrfrngkndc8lrmtj3zhczpcrhxfjxrdp2
206 : 79] brbpcldn7sevenone2six9
207 : 77] jgsjnqjgmfcs7fourfive7dbtqsvj
208 : 25] 2bb7hrtgbxsn5
209 : 82] xqvhhlzkninexhgvfvfrpgjq812
210 : 19] 17eighthggxphbzz8zxlcxdrvvkxgb39
211 : 44] 4sixglxd
212 : 11] dkeightwo1xmfjmvxxmglbsgkbphrll
213 : 58] 558gprdd
214 : 33] kzjnpmthree3three
215 : 66] dkpjssgpsgglngk6zfrktlgchtqxbzcgxb
216 : 22] 24four92fivegccfourxcnl
217 : 55] 5xjc
218 : 53] vhmxtlhcrlrk59jgsix3
219 : 59] 59twokqpjp
220 : 65] threefive65
221 : 96] sixdnqlxcdg9six
222 : 77] twoxgdmq7dhcxjnxr
223 : 55] threelxtbtjdbtonecpxtwo5sevenfive
224 : 99] fptqvt9onezqc
225 : 24] threec24onedxcjhninesevenbjxlhtgfmf
226 : 87] sixrmjbj87sevenn
227 : 89] 8thltwosevenscjrsevensix9jhjvbb
228 : 11] nine1bbpflkrjhgbrpeighttwoseventxfjmhjvsj
229 : 14] snnddlskllxqcjtceight1gmm4tfcfccxmjg
230 : 39] ddjr3549
231 : 89] 8twoseven7kpseven2dj9
232 : 51] hsmqtbrjgs5cbxjlsnzqcdldhlv4mf1
233 : 44] hkdxzfjvzrxnjnbfgrg4
234 : 43] cnjsnqmbzrnsbsevenfour3
235 : 21] eight25three4five1
236 : 56] jz5jxvmfrgttkkpxffbthreefive2nsix
237 : 44] 4pdbdkx234
238 : 28] fiveseventhree2nine1eightf
239 : 22] pvgfour284mqtx2brsqgkgjlgvpkhxmd
240 : 94] bhtlhjrgv94twofour
241 : 81] dbbvkdhhqheight83xqfbhtxpqtsgpqmssevenone
242 : 66] one6beightfivebzgmgdq4six
243 : 55] bftwonekfgfsvdfxqlzrglm5cpmkpn
244 : 81] five8fourtfltzzkvxzpzqhb1gvhqkcp
245 : 29] 2vfrzrhnfx6799
246 : 53] 5mndmdcjsr63
247 : 79] 72fgbbctshbrsix3tpggclvpf9bgsc
248 : 22] xdjqkrkfnh2threefvckhksevenfournx2
249 : 61] nineninekfcdjmfqsrgpb61f
250 : 59] 5threeeightninesix1fournine
251 : 77] 7dzkzn
252 : 56] two5twoxzngtwotwosixl
253 : 84] pjmqfour81eight4
254 : 33] rsjbbnqfrlppflstq3zxbhhn
255 : 17] rlsrv1seveneighteighttwo47
256 : 59] 55sffiveseven8two39
257 : 65] 675kjvqfdszmdvztvkczxbr
258 : 29] eightthreemrjtrfgqvsixtwo2kxnbzmnhnine
259 : 97] twoseventwo9rcvqmkxdvsevenone7
260 : 23] 2threesvvtztllvl52rzcscj3
261 : 44] 424eighttpjzxtx
262 : 88] 8jgfivextbkqvdhl
263 : 11] tqrvp1gtpczqlpvr
264 : 99] fsmvrkdrnine9pk
265 : 82] jvfdlvnvsixthree8three22
266 : 59] one5jzmdfh9phqkvb
267 : 77] 7twoneklt
268 : 51] 5nineeightxjgtnkfxknine1twofk
269 : 35] 31lkhbnzckbcmxvdpmqqjtbn755
270 : 25] 2txsixfivezrxvkktnxlnsfive
271 : 43] bkjczmrcpqjxjfx4xkxfclthzthree
272 : 77] eightsevenjscz7flvltvkmqkthreevqgsg
273 : 14] tzlhm1lbmmnineqdpvxlv14threefour
274 : 19] 1eightsmkmsqbs69x7chhmdd9
275 : 11] three18onexvh31sevenone
276 : 24] 24sixshjtwo4
277 : 49] tjphmjzvfclddbfc4foursevenone9zrckvdqn
278 : 24] rbffkrsntqj2tf24gfrlzzsr4
279 : 76] 7ninerktmfsfoursixd
280 : 25] four296six87five
281 : 58] zkrxfsvm5ninenkhc8
282 : 99] 96mgvzrmxzpjfourlnsninenine
283 : 56] threepphgrmqlxone56
284 : 32] plt372
285 : 66] lgleightwojjvbkmhkvklscxrzpn6twovvsdzrsixxdcskxhn
286 : 76] p7six
287 : 18] sixthree1five6sixfoureight
288 : 24] 2zjfndzqqzhkvqcfljpkdntdm4
289 : 66] sjldrrnv6npzqdnpktkshcqfh
290 : 32] four369xxvbqbrgvx42
291 : 97] dlqtsthreebmt91vfmjxk47jpdbkjr
292 : 79] gpdxdnine76nfrszxgnine
293 : 37] 34seven
294 : 32] 366tjcone6btwo
295 : 78] fivelvvstsjvrxppznsxkmjr7gkpmhrsfxxvmxtlf8
296 : 17] six1seven
297 : 51] 5threernlthslpdjvjv1
298 : 11] 1ninedbzjj
299 : 74] oneeightrdhsfrcd7dfour
300 : 94] 9seven92hlssjltd2four
301 : 95] 934qjgrkczclghnine5kck
302 : 77] hqk7pfqsbsevenseven
303 : 64] threefourckvkbtwomnbrcv6flqr64
304 : 63] qzmfhjdvjqjkrzdsvmdhpd61xphqddjgnsthree
305 : 96] 96zspcjsixqzbcgmjrjbtk
306 : 68] 6bgzmtlkhpsixfournrlrvghthreeeight
307 : 81] 8qrvhrjlgjb3nine1ntcrx1
308 : 49] 4onegk959
309 : 97] fcsczdfkfour9seven
310 : 76] ttkqsjgnrfive7vzbjr26pqlppfrxcndqlmrtpxqndgqp
311 : 99] bxnxvlkhd9
312 : 46] 46sevenvnbsqvqpcthreeninesix
313 : 88] vdjltg8
314 : 37] five3onevtxxtseventwoeight7
315 : 41] 4seven684hcvm1
316 : 98] two9klzeight8
317 : 29] q259
318 : 31] mfzsthree1
319 : 55] zmqfivegfqzsfxnp5tdp
320 : 21] zrpggrqldx221nineeightlbtjbtx
321 : 38] fiveblninegkgfive3two8
322 : 83] threetvlsjbmnfive83three
323 : 58] tsixbqffhzfive8
324 : 99] ctxbssevenbrcvxt9
325 : 58] ft5ninetvh8
326 : 12] fivegdqst1two
327 : 16] three16oneqs
328 : 17] ktfphzlgone7
329 : 84] 884zjgkmtddggchgvfvg
330 : 13] fourgsnone1ninefvltlzcgcrjhrp63
331 : 92] threentwo92
332 : 26] xjlttwo6
333 : 98] nfhpnmff9foureight8
334 : 53] 5nineqpdkbgdfourseven1three3
335 : 63] ltnmsixnhzfnckdzpnheightnine6three
336 : 98] sixthree9fourzflqn28
337 : 33] dknzbthreed3
338 : 58] 58llxmhb
339 : 38] 3ninesixftzmeightone8
340 : 35] 3sconeone5
341 : 69] hmq6one4kzmkzjkvn9gvfbklp
342 : 15] fcmkpcjh1three6pxkmkvmm5
343 : 72] rffive7sixthree1xjqxeight2
344 : 39] 33nine
345 : 31] 3six55one
346 : 99] kpbnhpveight9tgx
347 : 66] b6pxfmcpnhgqlzgmncsix6
348 : 94] tprmltwovzvrseven9two4
349 : 17] ntnine1575seven
350 : 54] 57onebk7four
351 : 54] 5d394lgtjbzzdtdgttgk
352 : 41] 4gkcone
353 : 17] sone177
354 : 22] fourtwoeight2gcbgjqtxgdcv
355 : 96] 922seven75six
356 : 66] tjzzcdnmlqlsljpkfvprqqnrkeight6three6
357 : 77] 7fourxzltksevenclbf7vjslggfszg
358 : 65] oneljktrrhpfxfpr6three55five
359 : 36] xrqmxvrn356v
360 : 55] threenbhhxsevenztcggns5
361 : 48] five4eight
362 : 61] 65twosevenone
363 : 39] 351twoxrmcv9
364 : 79] eightstptjbkzninesixnine79gkgmvpm
365 : 67] 6vgltwoxcjfkvhl7psfsvkssevenrxlksjktltkmt
366 : 33] fiveninefivengspsnfz3
367 : 55] six5fivekonenineqnkgcpvhkr
368 : 67] ngndtzrzfnssvtdeightglnxvtjkqtcgn67
369 : 35] 3fcxqmhvzqclxqvkxqxxknslfive
370 : 14] 1twohxrmz23seventhreefour
371 : 55] jsgdzxlbcnpcppgdrhxjkrpnine5two2rh5
372 : 59] 541onetwoone9
373 : 62] three672
374 : 88] 858sevenbvdtqvrzrf
375 : 34] 3bptkpprssevenbtbmsvzmntnhtnqdddfrchhhfour
376 : 58] 5qxzkpnninegrdtrjvkrfive668
377 : 78] dbsmtnhknineseven8
378 : 64] eight6ninefourcrfqnlvfour
379 : 17] two1two7ninehqmz
380 : 99] 9fivekhnine
381 : 28] rlfff265eight
382 : 55] 5jtshhjcjkvfive
383 : 76] eight73934six
384 : 33] gnzpnineonedzdm3ninedlmdrng
385 : 14] rxvmnklbfthree1sixfour
386 : 17] eight1vc54qhdcgseven
387 : 47] ninenllv48hpdvqxpnfivenineseven
388 : 33] tjsmjlteightfivecxvfpxn3
389 : 52] xtddxtcxklrnpvtjsv5eight991twotwo
390 : 84] 8dtlvdjclfive134
391 : 47] four4fouronecseven
392 : 58] 5nine8onebsmnnphb
393 : 91] 9fivemqone
394 : 38] 394eight
395 : 62] zgpzcvslj652rkdptfm
396 : 55] hnktnnvxjljtmg55
397 : 98] s9tzgbhfknkvqpthbbshckc38fdkh
398 : 77] nineonegthreendtzvseven7chtclt
399 : 99] qctcphbsxmldvfourbbcphcszdmdghsssrspbjxgclpkjnine9vblnzjsvrj
400 : 18] tvthree18sixeight
401 : 89] 8lghseven9
402 : 32] nhdlg32qbmbmsksql392twonelr
403 : 41] s4nineone
404 : 37] 3eight6mn7j
405 : 44] six4bnntqxjbql4
406 : 74] fourdzdccrkmjjmknxnf7eightkjvrlzqtm4
407 : 35] 3tfxlpzjxjfour7one7eight5c
408 : 77] pcbtb7zvtzdnzjn
409 : 66] eightbjmrjmdfdeight6dhdzgfvggn
410 : 75] five725
411 : 49] 47659fblbqrbbzrthreefsn
412 : 13] nsxkcxp1fivethreehxq3
413 : 25] 2eightvbpzttsqgronesix5
414 : 36] sixsix3zbtfsxhsjm8fivemmdhc6
415 : 91] three94one
416 : 12] pngbhg12
417 : 17] sixfsp1fiveseven
418 : 62] 6five9two
419 : 56] 577x56ttnrdm
420 : 36] mrqhz3cl5one7twosix
421 : 61] 6vxcjd1dgvssttpbf
422 : 38] 3cmxjhgxkbx4qxseightfivevclpvvt8gkcqq
423 : 49] sevenone49lzllzfxd
424 : 34] two3seven7vdclqnvfive3four
425 : 69] 6sevenfoursevenone9
426 : 85] 85eightpqeightwojmh
427 : 93] 92three
428 : 66] twocfhbzdsixfive6ltnxjkz
429 : 84] 84bfkfvxbp
430 : 48] 4jkeight
431 : 83] 83lcktgpntfourxgptpql
432 : 22] eightsevenznvjqj2ktckonecgslpdg
433 : 23] 2onevkbhhltxppxhthfvrmkbxthree3
434 : 47] 43grghdqconeoneseven
435 : 64] fivefsgzsvltdqpgxfdfxdxt6four4
436 : 33] eightcds3rpjdqvhqgjninethree
437 : 15] hb16sbg5ghglgqjcztdsdxfpk
438 : 85] foursix8five
439 : 92] 9tworxpkbnnvzdzgtq9ssgsbfbrrqtwo
440 : 11] 1jrtvfvbzd
441 : 99] five9threetwokdzmkfbkqggvrthpljm
442 : 39] 3threeznps8fourvpfcxtjqpmnine
443 : 11] qxvqqntcpnfourseven1lfblgmmxsevenfpxjqbskgdonesixtwonezct
444 : 88] threefvqjfknqntzmtdkz8
445 : 54] 56sixzmshnfdgd4
446 : 16] twotwo1bbsbsixhrhlrvz6
447 : 75] 75c
448 : 29] three23four29
449 : 42] 4five182btnjxqtvtd
450 : 59] 54dhhg7nine
451 : 42] 497hhtgmprmvkthdtwo
452 : 31] 35onelgvtxqxrvq5nineone
453 : 11] 1tggrpnsch432sixhc21
454 : 19] 155cdjntgmmjms9psszbgfv
455 : 88] 8jxqjcrhfchvnsixkcnqvjdsixsixjdsvc
456 : 86] one8six6
457 : 18] twovfghzcgsrznk1three2threeqlshlztdroneightm
458 : 17] 1xppptflnineeighteightnn617
459 : 66] svpnine6jhqslblrzqonetkrxddjk
460 : 22] 2rnxbqrrfiveoneightgsc
461 : 53] two5gcmkhxvklknthreethree
462 : 61] 6onesixvnfxnfrh537one
463 : 23] sevenninetwo2eightthree
464 : 27] five2four2nine2xlz7kkbdtlp
465 : 91] pzdtwone9eight63fivercztdbnbfournine1
466 : 43] 4sevenxnzvsjzj5three
467 : 38] 37ninegkzrsbcbtwohrseight
468 : 59] 5threeqklhpbzmmjgqnpkfldcsixgsfj9oneightml
469 : 42] 4threevpsrffive2
470 : 58] rmbxxtwo5twofive1sixeight
471 : 72] 72glqq2tjknnhlxlnpntrrjbc
472 : 33] 34threehdrchqmzcdjcckg23
473 : 47] b4487
474 : 77] 7one7
475 : 59] twosevennine55one19gcgxs
476 : 47] 44npfpjn7
477 : 89] 8htmkzqhht9
478 : 29] 26zzkbq3ninemdhntftfprqvnvshzdqfnine
479 : 77] five7onefour2lhpgscf7ffmhgp
480 : 58] pxqp5onebmmnljxssnine48nqhz
481 : 19] six1nine
482 : 41] seven4cdknfkdhvbone6foureightseven1
483 : 99] twooneseventwoxzhlnfgthzffz9
484 : 41] bnvzpzlmp4five1
485 : 89] dddcjrmbeight8nine
486 : 36] six3rglfhkthree1jlddcddtfsix
487 : 11] 1rxfourxfszvlq6eightsixqbhgrrhll1
488 : 25] eightfour25
489 : 15] 15fournfourtbdnrjmf
490 : 45] ftrvckp47slrbnkkneightxqqs5
491 : 56] 5ninesix
492 : 66] mgddc66onezjppzml6oneightvv
493 : 73] zknine7nine8three
494 : 83] kmkkfiveltrflvxdcxtworsfiveeight3
495 : 71] oneonemn7oneone
496 : 31] mxcchzfxseventhreehhqjthree1
497 : 62] jvnineone6fgzxqszthreetwo
498 : 96] ninegx9five2two1four6
499 : 22] 2xzgxhh
500 : 81] 811vqn
501 : 55] hxqmnfcvbctsvrfgs5xvzeightrbrfq5ksqcxxmrs
502 : 87] 8xqxzq1six7fivezbskvznxx
503 : 15] 16seven5
504 : 68] onenfdmcxtddscbmgvksseven6eight
505 : 44] xbnmkjgdpbqgnxhdjninesk4
506 : 51] xdmmqpn5lhvhvjmxtone
507 : 25] three2994plmtrfqstmfive
508 : 39] one3367nine
509 : 39] fourfour3khgmtcctvfj11fpcqvnine
510 : 44] 48fourmxxfour
511 : 83] five8dtcqjjrcrg1three
512 : 88] drhjrf8eightthreebxgs
513 : 23] onesixdht2vrmgnzdbj1three
514 : 97] gpfglhctmxzm9fcxlgtsixseven
515 : 66] 6rrrpl
516 : 15] seven1six5bfjpmqc
517 : 87] k87rsxpsjx1mjxsdchjlqseven4seven
518 : 81] 8three1
519 : 55] sixfrbvgcvvxm5
520 : 59] zzf599
521 : 26] soneightthreeeight26fourhjxfxjg
522 : 92] 94nine4nine2dmg
523 : 99] 98sevennine
524 : 92] sixdkcpjglgkjnine9vphg2fivehlggxbnjx
525 : 88] sixthreevphh8
526 : 51] kdtwoneseveneight5211
527 : 76] txjsmlrsix72ljpkpnmgbnkckpvgtfx3tdkmslsix
528 : 47] 45oneseven
529 : 47] 4sixdgsixtwo7
530 : 33] ninethree3kmzs
531 : 55] 5blqnxkkjxp
532 : 31] 3khcjgxghgdqkjfthreeone
533 : 57] tnst57
534 : 81] 8sixvvsxxmvmtwofourfjhtks4pdnccx1
535 : 31] 3fiveoneonezghfkxpsnkggld1
536 : 99] 9pkmpxrxlvz
537 : 22] sixmlqb2
538 : 66] 6cssvpsffour15gsqvv8six
539 : 11] ngsz1
540 : 92] 9eightninejkd882
541 : 49] rsftptwo41sixp6eight9
542 : 92] eight9988threecjeighttwo
543 : 59] tworf5nine969
544 : 62] 6oneeightwod
545 : 82] threeqgcdsdvksix8four52
546 : 74] ktwone7fourtpskssrdsrsevenffpxshtksvzxffour
547 : 26] qlrmxzg2six
548 : 33] sldmxllptp36zeightvh3
549 : 88] onefive8zkvnnzkglzfpsfl
550 : 88] dzbnthsjtm8sixroneightcx
551 : 33] gcxgtsrpsv3ggcxqghc
552 : 18] 1rsgjmfprrtwosvbscszlmgmq8
553 : 93] six9three
554 : 36] eighttpvjjstnkgone36
555 : 47] jrxvfivetsdmjmkz477
556 : 44] 46four
557 : 23] mxblldfxdxbxgltjzvx283
558 : 95] fone97mszqxhseven5
559 : 94] 9threenine4
560 : 22] sixvbshdqvjngeightthreerpfhbrx2
561 : 41] krbtwone4ninetwohx6mprpvkp1
562 : 69] cftlseven6eightnine
563 : 99] twoqdrnvvqgkvmlgljdljvbvc9
564 : 11] seveneightmbbdlsssrjhsffdlfll1
565 : 88] 8pdkgszhfj
566 : 88] f8
567 : 25] 2cvbxndjfournine194sixfive
568 : 36] qctzrvbfonethree6
569 : 33] two3foursevenbsixtwonvmpsdqfmjfb
570 : 77] qrcvxvdngmzrs7cjrpkhrhzsix4five3seven
571 : 85] 83hone65
572 : 46] threefour4fourbbhgbzrdsix
573 : 41] tcnoneightms4nqp4351
574 : 45] 4eightzscdfcfms5
575 : 99] 9two9rqbkxggthreethreesevenhnnnq
576 : 39] mxngggxnineeightxjzmf3six9
577 : 93] 99gscgrdz3fourthreeppkgczb
578 : 48] 49258fivehkjlcxdq
579 : 69] vdzlp67bkhdfpjkh9
580 : 15] onethreetwo1foureighthltfive
581 : 33] 3rpkvlrzd
582 : 47] threenineptdjgzmcthreefour7
583 : 28] 2oneqrjhmqzk48
584 : 55] threehjqbmbgdn5
585 : 47] tbnjv46sixljhmsf7vtrnr7
586 : 98] eight98onepsmdcpkgssevenqrhc
587 : 84] 8jjhzgm8four
588 : 46] fourseven4twobkbxrmjmzz7mnjzttsix6
589 : 44] ninedv4onefzc
590 : 55] seven5fivefive8scrmc5
591 : 36] 3four656
592 : 42] 42ggpjxtpfsflxffxdnscjbs
593 : 79] fivefivetwofour7seven39
594 : 37] 37pvxpmszcjtgnvkh
595 : 71] eight71three2one
596 : 16] eightsixsevenone6
597 : 12] lrrqcm1cktlbhng2qjxfcchzfr
598 : 66] eightnineseveneight6pqvqdqmk
599 : 82] 8cmxrcmjkhckvxbtlxzx2eight9cqzb51eightwos
600 : 68] zngbcxskdvnccgrhbcc688
601 : 84] 844fkkvffrqsixgfdsccgtwosixgkmkp
602 : 86] nmmeightwo8ninencqlbbgcv6x
603 : 52] 5352jvlnrcdj
604 : 46] 4fourfour7gdkkseven6
605 : 55] bfxzk5fourqmgtmtjvmbcl
606 : 81] sevenqxdzcsnbneight88sixbnkqgsone
607 : 36] 3twosix
608 : 44] xjdphbsfnqhqntcmsixtwokl4xcbmxgxnbp94
609 : 31] mjhhzggdltwoone3sixtwo1sixtk
610 : 53] 5onevdrkgdsgr6bdzjlthree
611 : 65] ninesevenfhkgdlgvlcpsfourpm6sfive
612 : 77] bghpthree7pdgtvhzninefivezgsxfsngm
613 : 89] two878ffjrq39bfkbqlrsjj
614 : 98] three978
615 : 18] two1cxqlhsrr28
616 : 66] fivex6
617 : 86] 86threevhrzcrfive2six
618 : 76] mghpkvxt7226
619 : 32] 3262hxgseventwolqbtfttwo
620 : 61] 6three5sevennbslxgvlxl1fivemdqtvp
621 : 54] ntwone5znpvscmkffour
622 : 44] tvtkjdrgv4
623 : 97] 95ninefive7gzljcmxklthreebjkxjdkcdghnj
624 : 64] four6bgdsevenfiveeightfour
625 : 52] 5rkkglzccsdqcp35seveneight2
626 : 22] hrdlgtslrtp2
627 : 34] 3kvrlxntlthfour
628 : 61] 61ccfqjdh4sevenkdcmone
629 : 44] lcsdjgkg4
630 : 95] sixxmfphssixninefivefive9fivefive
631 : 52] four52shspfjkppdng
632 : 88] 8dp8fourhdcsmtfvxv
633 : 82] tqp8sevenkvvzpsxts6cqgmzzdxqvmeight2
634 : 38] 36bpbjspbms8
635 : 88] nine8onehvbh
636 : 99] 9vhthfzjcdv
637 : 27] ninezvdpv267
638 : 55] 526vctfvbsfive
639 : 55] two5qcmzmgrhjm
640 : 88] cpdxfkqlhkthreerrbxzgbglmlvzqpk8
641 : 22] 2threetncvhvpqtjsixeightninesbqzfrnhhf
642 : 23] 2513
643 : 11] smrdxrzcssevenonerbsrkdbgxsevenjtbl1
644 : 64] cdhjhgmdlldvpc64fivebvljninesd
645 : 44] five41nine2four
646 : 93] sixsevenninekg91four4three
647 : 95] vhvqhxrlkstwonine5
648 : 62] threejrvchvlxd6sxtmnszjrsdxfpg6eight2two
649 : 75] 7dmmrtzcfivet
650 : 42] fivenine4fourltrnsd2fourqpkxb
651 : 54] 54four
652 : 99] 9dhpnplgmmrfgpvdvh
653 : 33] skczmbgddnmz3mvssdeightonebfbrtzzkgnrpdv
654 : 24] threesixsh28seven94
655 : 79] three78nine9
656 : 29] one26fivejcjxtkrnine
657 : 77] ctkdmhtrjxeight7fourmzrnjxhdsthreeeight7
658 : 33] fttprqpsm3bxcggksfqssh
659 : 24] f2zvdvfnz14lgrmhq
660 : 59] nine58nine
661 : 44] dsfjxsixhmkfzbveight4xggfour
662 : 88] 8mqldjrtttg2six688lfrg
663 : 77] five7kpzkf
664 : 31] qpjh31
665 : 15] lqnnrzvbrfd15
666 : 74] 73four
667 : 77] three73seven7sixzfivexjkmnbf
668 : 92] 96h2
669 : 94] spljjjz9four
670 : 56] 516
671 : 42] dqkmkg478sixsevenmtwo
672 : 66] fourvmnmqhtbxptmmd6
673 : 94] eight96nttshld9vgrkdkcjjrt4
674 : 48] bvggdvfivemrbnntgv4three8nrbcb
675 : 42] 4862
676 : 55] zpthreesixsixseveneight5czlkkbhd
677 : 55] fourxb5
678 : 75] vzdxoneknvvm7sixzd5fn
679 : 29] 29onenine
680 : 86] rlzzdppslfivethreendjghpvpq813six
681 : 66] 6eightvkxmr
682 : 39] 399
683 : 41] 4nbhjgrq41xjpjp
684 : 22] six2four42nine1mbtbrhcxq2
685 : 18] pqgrtqsfjnzbfq18fiverxltgd9eight
686 : 63] rgpkxtj6oneone3dmcbtxgtsrcfmxkd
687 : 88] md8drvkonespbkfsevennxgkh
688 : 63] two64one73nq
689 : 77] one7twossdmp
690 : 87] 8mlfxjssseven
691 : 77] ghtninefive7fiveonefournlpsd
692 : 38] six38
693 : 49] kpfnnfour4five1679
694 : 11] hjtzgrvfmvone1xt21
695 : 49] 4lgdztmfdrxqjsgflgnbldmhgvbcqcvbkd9sixthreenvgtmpkjnd
696 : 84] 8onekjghzcvmlonetwo4
697 : 55] vzvgs5266jmrl5
698 : 87] bleight7
699 : 18] tkkhzconeszjvnkrbsveightlfqs18
700 : 44] srkzcmgseveneight43zhfbl8six4
701 : 99] qkmrmhxxb96rqrzfp2qcptqvjm99
702 : 66] tftwo6cqd
703 : 66] 6fourxssnsfhcn
704 : 54] hgpfnbzxbxdjrbrjln5794lbgrs
705 : 11] sevenfour1gmvcfkzzfhpnffsfour4bcone
706 : 77] bfxbvcfj7
707 : 37] zsx32htdfsjzssix7
708 : 65] ssdnnd6kdmvqnffpvvpeight63five
709 : 45] 4tznccdhjz7375x5xmgtnjb
710 : 24] 282954threezhrhfcdcqbsgsv
711 : 87] 87
712 : 29] twoonesixvczfhjmpdh2hkdh9
713 : 77] 7rkhk
714 : 61] ktwonenine6tjczeight8kzkxmmhpbd5one
715 : 24] 2gvfrrhneightsixnine4rxkvp
716 : 98] 963reight
717 : 33] eightklkqcn3threetbcxhkm
718 : 55] qmlr5onegrcggpcsftmcphp
719 : 32] 3ft49two
720 : 29] 2xnsbrv9
721 : 42] lrcslkgkninehghhfive452zvlszp
722 : 21] fourtwoeight2one
723 : 62] 6kjrcfivefqmtwoqrcpncpt2
724 : 11] rcdfk1eight1fournhzpvslq
725 : 45] sztlrrktt4four5onesbjvd
726 : 33] qdp3
727 : 66] vdmcnjkqjvn6fxnmzdrmsgbm
728 : 77] lhmonegqddt7sixrxcqpfbdfvbgrhjhf
729 : 18] sixone8
730 : 94] 9bdgczsxq6four
731 : 11] keightwo1cmlshtwofourksgbvfxvb
732 : 39] lc3eightngglstsgqz6sevennine
733 : 77] 7qmseven557drgtjcz
734 : 62] nqvhqtbqseven6fivefive2
735 : 41] six47gfjfkcgxone
736 : 33] qmxvfzhzckx3
737 : 49] nine4qdfreighteightfournine
738 : 86] 86ninesix
739 : 39] xzjsdplszj3mrtlrtqonesix9
740 : 33] ksmfjng3nineggtfmnb
741 : 55] fourtwo5ninejtxdpthfv
742 : 44] foursixsevensixonemjhbjnffourq4
743 : 95] twodvfffeight9sevenninetwojj5
744 : 19] 1one4nine
745 : 36] twofvcjszbmsltxh317vvq8six
746 : 44] onejfmqnlqnlzlh4
747 : 99] 9sevengggskjzkr
748 : 71] 7796twohqccmzbfneightkhtwoneh
749 : 45] zkrv48seventwo92five
750 : 66] 6blv
751 : 24] 2ztztlsqjvpm4
752 : 75] 7lsvmnkhvjmknsndcrb5
753 : 84] lnttk8fivesevenvxqzrzfour
754 : 51] 5twopzczlqrrgm8one
755 : 66] 6xvhrpzkbkvsix
756 : 21] two21rvfnsdmqq
757 : 31] 38jvthkzntnfr11three6one
758 : 77] 7z
759 : 56] one5fivesix
760 : 73] gmmdgczbvbrqkfhtv73rktsshh
761 : 15] crmqmlbxs1five
762 : 76] klbqjnxlsix76
763 : 44] 4rpvqnl3tbzrxmzt8sixthreefour
764 : 88] 8pkmhdfourzzbfhxtpjggqvbtvrzfiver8
765 : 25] 2one2tworbhjldv5
766 : 98] zvrbvpxqj96eight
767 : 45] onezvmczthblv4cgddmmhfivej
768 : 22] 2zffhnpkbkhrmrksxjqfjztxrbts
769 : 22] qjrrkhplk2nl
770 : 73] ks73
771 : 36] mxtvxfqdphlvvkkkxntcffour34qcgns6
772 : 82] twoeightrpfpdksq8nine72gkxlvmqmlj
773 : 15] jkqeightwojzmfjdgt15ninehgthxf
774 : 99] one9grbzt
775 : 22] 2pprfzbjp
776 : 53] kxnchhthreexthzfjqz53
777 : 69] f6four7mttnqsvzmbsqljdzqhcpnprscsggvvsevennine
778 : 51] 5five1t
779 : 45] 4seveneight3nine5
780 : 77] 7sc
781 : 38] sevenonegmfcqmdv3tzvsgmeighteight
782 : 76] fqgmpklfjonevjppghglqcvzthree79six
783 : 25] bthreefivedqxsxlbfjjgzgbzdf21five
784 : 13] nineone3
785 : 77] five7tpfvdjvtpbtbrtsevenfoureightrfflhhgx
786 : 84] nine8one7dcgrczs1xrqxtfive4
787 : 51] rd5threefour1vpkcls
788 : 47] cshxmsz4two7onecgzkpfivelhcxgdpmx
789 : 93] sevensqrpfcfv93nt
790 : 42] onetqxjsrlzfhgt465two
791 : 35] fqdfvgfhdeight3four5sixseventhreetwoneqfd
792 : 46] krltgfglsevenzjdv4five6
793 : 54] 5three54
794 : 84] 84rsx
795 : 58] n58
796 : 11] 1qc1three4twosix71
797 : 33] 363
798 : 75] 7bg5eightsxnkcdsdfx
799 : 22] 2fivetwo
800 : 97] nineeight9seven
801 : 82] 8nqqnine2
802 : 48] ljlmfzbzcbone48
803 : 67] nbpnjb6threesix69fourgjxxtzp7
804 : 77] 7fourgrqj
805 : 48] ftvzmv4ck698
806 : 66] onenine6sixl
807 : 62] qvtrkhpnv62gslfivekzbzpnrqrm
808 : 95] 9sixkjxsbzfnhj5gbdqrtczlhzjhzl
809 : 17] nine1seven
810 : 41] 4sixqhnqvdseventhree1
811 : 84] 8prqonespxk24jlxkh4
812 : 74] 74mrhsmxnbnhbjrf
813 : 61] one6mm66jccznbtjnfour1
814 : 51] 521fsvn
815 : 73] qqninethree756fgrckrnxk3
816 : 24] seven2twosixfourr
817 : 91] 9ninechrpncvqfone1
818 : 86] 87rfpsgp9thrsix
819 : 66] cjphxnxkhx6gqzngzzbd
820 : 22] vsl2seven2
821 : 38] 3bgjzmqbvvbhvmmvcnnttsqqqcjngtxmdnrf8
822 : 18] gknfive14four3twoeight
823 : 78] xtvbhct7three622sl4eight
824 : 92] 9fivefourbxxqpczdn4two
825 : 33] twonine3eightplqjnljhgthree
826 : 55] fivehlrxpvtxm5
827 : 12] 1fjmzkdgmlvtxlcztblfknrqnsp5ddftwo
828 : 79] vvhxgmgtsixglcxsqlxnhhvldh7seven19
829 : 33] dqhjtgsbjtphkfsthree3one3bhbvvjxgp
830 : 92] sfxhzvttvjtvbsneight9eighttwo
831 : 28] 26nine65one8
832 : 13] kbcbcssevenmq13sevensevenbhfjldzfvbckztfv
833 : 77] fsqmpnxrfn7tbxkfzfltctl7
834 : 73] two7twotwo3
835 : 34] 3cqgzdxhggqlveightr1sevenqgxtptmfvrfour
836 : 33] qcmfn3
837 : 82] four8five2sixnrdt
838 : 67] onenine6kppc7seveneight27
839 : 32] 3dv132
840 : 22] npjkktn2
841 : 53] eighteighthkkmtpcjzmnqxg5bxpfgrxvtqthree
842 : 19] fourfour19dfqpnzr
843 : 28] sixkl28twopgzgfvlvfnm
844 : 99] eightsixsixfhfljfkpg9
845 : 77] sevenfnxbmzr7ssfhvssnzsrfs
846 : 39] six3onenine
847 : 25] sixone25hdvmm
848 : 26] mnz2threecnsbvjsh376six
849 : 41] one4one
850 : 21] xbvxnvrppxsvppnd2rstpjnvmhglsdmbk1
851 : 49] tvlvk4shmlkqmmhfddbgbjfourcpx9qfhrrnine
852 : 45] 4nrnxppcseven5
853 : 84] one86gchcvlfc5ninenjhpckffzfour
854 : 47] 4q2jlccvmgcnj17
855 : 52] v5283seven2hpch2
856 : 78] sixeightjsjbclsxmhpxqcx78zgcnfqcnhtmfdc
857 : 11] six1jh
858 : 74] sjgtcrzq7ssgzxccj94sixqqsqv
859 : 65] twodone6five
860 : 37] 3nine5seven
861 : 87] 8zngrtcjeightfourzqzrbbhs7
862 : 22] pqtthc2dszssv
863 : 66] lcpgrkprhksvsg6
864 : 55] 5seven14cckncpbqjr15
865 : 79] five76tslmpggzcseven49
866 : 59] 5six4sjmbqhxxnine6five9
867 : 37] hslrsq3seven
868 : 85] threerhf8three5
869 : 44] 4sixnineqtlstseventwoone4
870 : 76] mfdvqblctd7119xhjh6sevensix
871 : 38] kshxspjn378bhvqngjjgbsxbglf
872 : 55] sxpjbgrfivesixeight5jpvk
873 : 64] 63fourm
874 : 31] nine372eightjhbjvmsix51
875 : 49] 487sdkxfsevennine
876 : 33] 3twofgnjpmsrtl
877 : 11] 1pqxthreemvlbqlbmshzfiveone
878 : 25] 2fxvnb62five
879 : 91] six96threethree1bfpbmgzt
880 : 89] fourthreerdjkhfmmzbqrkvlkt8eight9
881 : 55] 5tzclzmfx5
882 : 55] seven5fourcxngd
883 : 44] dtbxxbhqfs4honeninesevenzdtvzcnmz
884 : 94] six94
885 : 84] tb8sfm7fngplpbprfour
886 : 58] 52vlpsldp8ltspbsninefourcsrcp
887 : 56] two56
888 : 11] 1rhxpdkgnhmlcpzrnkcpplpftbs
889 : 16] fivejjlfp11three7tdk2six
890 : 44] bkkltsfzhp4
891 : 33] xszczgrt33
892 : 65] 6sevencjvbzrszx9twotwofive
893 : 53] eight5636eightxpd3
894 : 54] twoninefiveeightbmfhtgrksix5four
895 : 71] 795bczlkm1vchhbgntpthreefmvfplk
896 : 52] zsl5rlffhdpz22
897 : 94] 9twotscnjtttone3five6four
898 : 65] foursixthreeeight6rcrtzpr5
899 : 88] kc8eight
900 : 74] 7fourqnmqeightlxnxlzvznsvsonefour
901 : 71] xnpcbth7eightfjxz4twofiveone
902 : 33] two3twotjmtbzc
903 : 98] knj995hhs18
904 : 88] flnine8qklfchbfivethreesp
905 : 13] 1sevennine1onethreeseventhree
906 : 18] foureightdbtsntzzmsdone17eight
907 : 35] 38sevenfkbm7nmmtrcxd5
908 : 15] 1bmknc6eightfour8five
909 : 32] 3eight2
910 : 51] nine5six11tqsh
911 : 65] 6onehgfr5pbljsp
912 : 67] hrgbjqzmd667
913 : 28] 2fhlqvk8fggmseventwoqthreeknt
914 : 19] 1zpfmlgxbg49five9twondktfn
915 : 11] mbghltchlbghrplzdp1hhzfzvjonegszlbrqdfn
916 : 23] threechdshmnbfpfhvhlfourqfsix23
917 : 66] thcbzmmmbmcnineccvsrpqdgcbjldqdvhqqmzvz66
918 : 44] zmlxnine4zmbqkjxnclninefourjrddc
919 : 57] onegdnccqfn57dhsxqzpqhjnxzk
920 : 18] ncgvtt148nsgmd
921 : 22] 2eightxjzvrgd2stsbfmdfp
922 : 24] 2oneone84sevenonedl
923 : 53] eightseven51dmcrftxmgvjc3
924 : 49] mxstpzpstwo4njlffxpkfseven129sxn
925 : 29] foursixjdq2svlsscl9
926 : 45] 4gvbkcrkpbqkfdxbtvfive
927 : 11] 1fivefpgfptknhfivesevenhthrdkmqr
928 : 19] 1vztq1fpqltwofoureightseven9
929 : 77] 7threerkbjsmstwoxrnmcpgrzg
930 : 75] 75lfjpfzhl
931 : 88] 8jcdtqhc
932 : 77] twofngdlrpk7
933 : 18] bsskd18
934 : 55] oneninerq5one3hvsssmkfive
935 : 11] six1vbxsnktv
936 : 63] five63
937 : 66] jjkzhm6mnjqkzfpqeight6
938 : 66] 6tvpfmvfivegvfbxc
939 : 33] oneqgfptrlqsr3qschjjxfour3
940 : 26] 2155slkvtwobqsd2six
941 : 38] rrxtlsnthreesixfour38fourtdn
942 : 99] 9onebptxrbfxtrldzxf
943 : 59] 51one472five9
944 : 94] tt9914
945 : 34] 3ncvnxdzzsllcxvrnsf4one4
946 : 12] 1fourdnsjscnhzgsspdrone8five2
947 : 31] two3crndvmtgseightone
948 : 32] 38tworrtprmtwo21zctwo
949 : 98] 9sevenfivebcbdckflh58rbrftfv
950 : 33] jfknvsmpdtwoeightthzvqr3dqvmmxqps
951 : 99] eight9rdgmsdkz
952 : 72] 752ninekjvqrm
953 : 22] fourthreekbkphksmhv2lrdjqrjtvk
954 : 95] 9sixthreenine5csnndtgjtrbkdkqrccftxmzmj
955 : 38] 3onefourfoursevenxdzcrhveight
956 : 89] hdnbvczvbmdqtk8four3879
957 : 55] sixsptcfmqsnzloneonefive5
958 : 53] tccqbtfjqglmvmnine53bgzzcqkfp
959 : 33] nfour3lmbvsls
960 : 57] foureightsix59nine7
961 : 31] 3jpzvpzxqgrqdone
962 : 19] 1one939
963 : 28] 28vsdl
964 : 11] 1fourxneightoneknsixmr
965 : 47] fivelmnpsfxmv47
966 : 47] lqgqvcczjmbrbgqpq47tjhgxptxfzdpkbc
967 : 82] sfmd895hsf2
968 : 99] 976cjqtgqone69
969 : 31] 3hdmdfrbm26sggqpfive1
970 : 25] 259pzchvvrbcvhklhbr9five
971 : 88] ftnfivebzdkq8
972 : 63] 6four3
973 : 25] threetxgc2htprtqqj5fouroneightlf
974 : 41] one492six7rzpxpfourone
975 : 98] twoeightnine8
976 : 71] sixeightxpcpfqmnlgseven7one
977 : 69] zzpkbmh6six46four739
978 : 21] ninefivejqnfqvmctwo1
979 : 94] three9sixqtdgqmfour24
980 : 22] fddrhjk2
981 : 63] bqrdqqtkv6sqqdthree
982 : 48] g4four8rhggvkmjxbhszh
983 : 68] hfmqlrvknklhvnxrqztffive6bndcljvgzlnc8
984 : 44] 4ljbgjvllx6vvfc4
985 : 36] one3rrbseven3sevenpnnrnrz6
986 : 28] sbb2sixnine8
987 : 99] znlgdncm99twofmhmftsnlk
988 : 44] dppfive4fsnxctq
989 : 11] sevenrpxdcn1eightmvx
990 : 87] 8ninefivegzk7ftqbceightwogfv
991 : 71] hxlxggmkrqzbtfmdqxfdnineeight71
992 : 48] ghtbmmrdfh4twoeight
993 : 14] fourfive14lgonegdxjrpx5four
994 : 64] 61gdrpn7two1four
995 : 55] eightqhxvgqpvgxnmmonefourdpkqsmzm5k
996 : 42] fktwone4ninennnjdccftwothreetwo
997 : 33] seveneightmgqfcfczxsthrxhq3zcthsrxshddnlxronekdhqmmbhzd
998 : 38] nsbtggzgjx3eighttpkhkvknpsqxsevenvh8
999 : 17] 1sevenseven7ld
part 1: 54632
part 2: 54404
